2024-07-12 15:05:38.435 [info] Added views:workbench.panel.markers.view in workbench.panel.markers
2024-07-12 15:05:38.435 [info] Added views:workbench.panel.output in workbench.panel.output
2024-07-12 15:05:38.435 [info] Added views:terminal in terminal
2024-07-12 15:05:38.435 [info] Added views:outline in workbench.view.explorer
2024-07-12 15:05:38.435 [info] Added views:workbench.scm in workbench.view.scm
2024-07-12 15:05:38.435 [info] Added views:workbench.view.search in workbench.view.search
2024-07-12 15:05:38.435 [info] Added views:timeline in workbench.view.explorer
2024-07-12 15:05:38.435 [info] Added views:workbench.explorer.emptyView in workbench.view.explorer
2024-07-12 15:05:38.795 [info] Added views:workbench.debug.variablesView,workbench.debug.watchExpressionsView,workbench.debug.callStackView,workbench.debug.breakPointsView in workbench.view.debug
2024-07-12 15:05:39.585 [info] Added views:~remote.forwardedPorts in ~remote.forwardedPortsContainer
2024-07-12 15:05:39.769 [info] Added views:workbench.panel.repl.view in workbench.panel.repl
2024-07-12 15:05:39.771 [info] Removed views:workbench.debug.breakPointsView,workbench.debug.callStackView,workbench.debug.watchExpressionsView,workbench.debug.variablesView from workbench.view.debug
2024-07-12 15:05:39.773 [info] Added views:workbench.debug.welcome in workbench.view.debug
2024-07-12 15:06:05.858 [info] Added views:workbench.panel.markers.view in workbench.panel.markers
2024-07-12 15:06:05.858 [info] Added views:workbench.panel.output in workbench.panel.output
2024-07-12 15:06:05.858 [info] Added views:terminal in terminal
2024-07-12 15:06:05.858 [info] Added views:outline in workbench.view.explorer
2024-07-12 15:06:05.858 [info] Added views:workbench.scm in workbench.view.scm
2024-07-12 15:06:05.858 [info] Added views:workbench.view.search in workbench.view.search
2024-07-12 15:06:05.858 [info] Added views:timeline in workbench.view.explorer
2024-07-12 15:06:05.858 [info] Added views:workbench.explorer.fileView in workbench.view.explorer
2024-07-12 15:06:06.724 [info] Added views:workbench.debug.variablesView,workbench.debug.watchExpressionsView,workbench.debug.callStackView,workbench.debug.breakPointsView in workbench.view.debug
2024-07-12 15:06:06.751 [info] Added views:workbench.panel.repl.view in workbench.panel.repl
2024-07-12 15:06:06.752 [info] Removed views:workbench.debug.breakPointsView,workbench.debug.callStackView,workbench.debug.watchExpressionsView,workbench.debug.variablesView from workbench.view.debug
2024-07-12 15:06:06.753 [info] Added views:workbench.debug.welcome in workbench.view.debug
2024-07-12 15:06:06.916 [info] Added views:~remote.forwardedPorts in ~remote.forwardedPortsContainer
2024-07-12 15:08:24.572 [info] Added views:workbench.debug.breakPointsView in workbench.view.debug
2024-07-12 15:08:28.573 [info] Added views:workbench.views.extensions.installed,workbench.views.extensions.popular,extensions.recommendedList in workbench.view.extensions
2024-07-12 15:08:28.589 [info] Removed views:workbench.views.extensions.popular from workbench.view.extensions
2024-07-12 15:08:28.836 [info] Added views:workbench.views.extensions.popular in workbench.view.extensions
2024-07-12 15:08:29.208 [info] Removed views:extensions.recommendedList,workbench.views.extensions.popular,workbench.views.extensions.installed from workbench.view.extensions
2024-07-12 15:08:29.255 [info] Added views:workbench.views.extensions.marketplace in workbench.view.extensions
2024-07-12 15:08:43.052 [info] Added views:workbench.view.testing in workbench.view.extension.test
2024-07-12 15:08:56.950 [info] Removed views:workbench.debug.welcome from workbench.view.debug
2024-07-12 15:08:57.002 [info] Added views:workbench.debug.variablesView,workbench.debug.watchExpressionsView,workbench.debug.callStackView in workbench.view.debug
2024-07-12 15:09:05.000 [info] Removed views:workbench.debug.callStackView,workbench.debug.watchExpressionsView,workbench.debug.variablesView from workbench.view.debug
2024-07-12 15:09:05.026 [info] Added views:workbench.debug.welcome in workbench.view.debug
2024-07-12 15:10:25.085 [info] Removed views:workbench.debug.welcome from workbench.view.debug
2024-07-12 15:10:25.125 [info] Added views:workbench.debug.variablesView,workbench.debug.watchExpressionsView,workbench.debug.callStackView in workbench.view.debug
2024-07-12 15:10:26.214 [info] Removed views:workbench.debug.callStackView,workbench.debug.watchExpressionsView,workbench.debug.variablesView from workbench.view.debug
2024-07-12 15:10:26.240 [info] Added views:workbench.debug.welcome in workbench.view.debug
2024-07-12 15:12:39.135 [info] Removed views:workbench.debug.welcome from workbench.view.debug
2024-07-12 15:12:39.180 [info] Added views:workbench.debug.variablesView,workbench.debug.watchExpressionsView,workbench.debug.callStackView in workbench.view.debug
2024-07-12 15:12:43.852 [info] Removed views:workbench.debug.callStackView,workbench.debug.watchExpressionsView,workbench.debug.variablesView from workbench.view.debug
2024-07-12 15:12:43.882 [info] Added views:workbench.debug.welcome in workbench.view.debug
2024-07-12 15:14:08.309 [info] Removed views:workbench.debug.welcome from workbench.view.debug
2024-07-12 15:14:08.343 [info] Added views:workbench.debug.variablesView,workbench.debug.watchExpressionsView,workbench.debug.callStackView in workbench.view.debug
2024-07-12 15:14:16.925 [info] Removed views:workbench.debug.callStackView,workbench.debug.watchExpressionsView,workbench.debug.variablesView from workbench.view.debug
2024-07-12 15:14:17.005 [info] Added views:workbench.debug.welcome in workbench.view.debug
2024-07-12 15:18:52.998 [info] Removed views:workbench.debug.welcome from workbench.view.debug
2024-07-12 15:18:53.038 [info] Added views:workbench.debug.variablesView,workbench.debug.watchExpressionsView,workbench.debug.callStackView in workbench.view.debug
2024-07-12 15:19:01.318 [info] Removed views:workbench.debug.callStackView,workbench.debug.watchExpressionsView,workbench.debug.variablesView from workbench.view.debug
2024-07-12 15:19:01.349 [info] Added views:workbench.debug.welcome in workbench.view.debug
2024-07-12 15:19:10.691 [info] Removed views:workbench.debug.welcome from workbench.view.debug
2024-07-12 15:19:10.734 [info] Added views:workbench.debug.variablesView,workbench.debug.watchExpressionsView,workbench.debug.callStackView in workbench.view.debug
2024-07-12 15:19:16.585 [info] Removed views:workbench.debug.callStackView,workbench.debug.watchExpressionsView,workbench.debug.variablesView from workbench.view.debug
2024-07-12 15:19:16.671 [info] Added views:workbench.debug.welcome in workbench.view.debug
2024-07-12 15:19:22.115 [info] Removed views:workbench.debug.welcome from workbench.view.debug
2024-07-12 15:19:22.149 [info] Added views:workbench.debug.variablesView,workbench.debug.watchExpressionsView,workbench.debug.callStackView in workbench.view.debug
2024-07-12 15:19:29.827 [info] Removed views:workbench.debug.callStackView,workbench.debug.watchExpressionsView,workbench.debug.variablesView from workbench.view.debug
2024-07-12 15:19:29.909 [info] Added views:workbench.debug.welcome in workbench.view.debug
2024-07-12 15:20:30.016 [info] Removed views:workbench.view.testing from workbench.view.extension.test
