[info   ] [FileManager]: Data files will be fetched from: '/usr/share/supertuxkart/data/'
[info   ] [FileManager]: User directory is '/home/negrojose/.config/supertuxkart/config-0.10/'.
[info   ] [FileManager]: Addons files will be stored in '/home/negrojose/.local/share/supertuxkart/addons/'.
[info   ] [FileManager]: Screenshots will be stored in '/home/negrojose/.local/share/supertuxkart/screenshots/'.
[info   ] [FileManager]: User-defined grand prix will be stored in '/home/negrojose/.local/share/supertuxkart/grandprix/'.
[info   ] [FileManager]: Asset 0 will be loaded from '/usr/share/supertuxkart/data/challenges/'.
[info   ] [FileManager]: Asset 1 will be loaded from '/usr/share/supertuxkart/data/gfx/'.
[info   ] [FileManager]: Asset 2 will be loaded from '/usr/share/supertuxkart/data/grandprix/'.
[info   ] [FileManager]: Asset 3 will be loaded from '/usr/share/supertuxkart/data/gui/icons/'.
[info   ] [FileManager]: Asset 4 will be loaded from '/usr/share/supertuxkart/data/gui/screens/'.
[info   ] [FileManager]: Asset 5 will be loaded from '/usr/share/supertuxkart/data/gui/dialogs/'.
[info   ] [FileManager]: Asset 6 will be loaded from '/usr/share/supertuxkart/data/replay/'.
[info   ] [FileManager]: Asset 7 will be loaded from '/usr/share/supertuxkart/data/shaders/'.
[info   ] [FileManager]: Asset 8 will be loaded from '/usr/share/supertuxkart/data/skins/'.
[info   ] [FileManager]: Asset 9 will be loaded from '/usr/share/supertuxkart/data/ttf/'.
[info   ] [FileManager]: Asset 10 will be loaded from '/usr/share/supertuxkart/data/po/'.
[info   ] [FileManager]: Asset 11 will be loaded from '/usr/share/supertuxkart/data/library/'.
[info   ] [FileManager]: Asset 12 will be loaded from '/usr/share/supertuxkart/data/models/'.
[info   ] [FileManager]: Asset 13 will be loaded from '/usr/share/supertuxkart/data/music/'.
[info   ] [FileManager]: Asset 14 will be loaded from '/usr/share/supertuxkart/data/sfx/'.
[info   ] [FileManager]: Asset 15 will be loaded from '/usr/share/supertuxkart/data/textures/'.
[info   ] [FileManager]: Asset 16 will be loaded from '/usr/share/supertuxkart/data/tracks/'.
[verbose  ] translation: Env var LANGUAGE = 'es_ES.UTF-8'.
[verbose  ] translation: Language 'Spanish (Spain)'.
[info   ] [IrrDriver Logger]: ..:: Antarctica Rendering Engine 2.0 ::..
[info   ] [IrrDriver Logger]: SDL Version 2.26.2
[info   ] [IrrDriver Logger]: Using renderer: OpenGL 4.6
[info   ] [IrrDriver Logger]: Mesa Intel(R) HD Graphics 620 (KBL GT2): Intel
[info   ] [IrrDriver Logger]: OpenGL driver version is 1.2 or better.
[info   ] [IrrDriver Logger]: GLSL version: 4.6
[info   ] IrrDriver: OpenGL version: 4.6
[info   ] IrrDriver: OpenGL vendor: Intel
[info   ] IrrDriver: OpenGL renderer: Mesa Intel(R) HD Graphics 620 (KBL GT2)
[info   ] IrrDriver: OpenGL version string: 4.6 (Core Profile) Mesa 24.2.3-arch1.1
[info   ] GLDriver: ARB Buffer Storage Present
[info   ] GLDriver: ARB Compute Shader Present
[info   ] GLDriver: ARB Arrays of Arrays Present
[info   ] GLDriver: ARB Texture Storage Present
[info   ] GLDriver: ARB Texture View Present
[info   ] GLDriver: ARB Image Load Store Present
[info   ] GLDriver: ARB Shader Atomic Counters Present
[info   ] GLDriver: ARB Shader Storage Buffer Object Present
[info   ] GLDriver: EXT Texture Compression S3TC Present
[info   ] GLDriver: ARB Uniform Buffer Object Present
[info   ] GLDriver: ARB Explicit Attrib Location Present
[info   ] GLDriver: EXT Texture Filter Anisotropic Present
[info   ] GLDriver: Geometry Shaders Present
[info   ] GLDriver: ARB Texture Buffer Object Present
[info   ] GLDriver: ARB Texture Swizzle Present
[info   ] GLDriver: ARB Pixel Buffer Object Present
[info   ] GLDriver: ARB Sampler Objects Present
[info   ] GLDriver: ARB Vertex Type 2_10_10_10_rev Present
[info   ] GLDriver: ARB Instanced Arrays Present
[info   ] SharedGPUObjects: Hardware Skinning enabled, method: TBO, max bones: 1024
[info   ] ShaderFilesManager: Compiling shader: /usr/share/supertuxkart/data/shaders/screenquad.vert
[info   ] ShaderFilesManager: Compiling shader: /usr/share/supertuxkart/data/shaders/motion_blur.frag
[info   ] ShaderFilesManager: Compiling shader: /usr/share/supertuxkart/data/shaders/lightning.frag
[info   ] ShaderFilesManager: Compiling shader: /usr/share/supertuxkart/data/shaders/primitive2dlist.vert
[info   ] ShaderFilesManager: Compiling shader: /usr/share/supertuxkart/data/shaders/transparent.frag
[info   ] ShaderFilesManager: Compiling shader: /usr/share/supertuxkart/data/shaders/texturedquad.vert
[info   ] ShaderFilesManager: Compiling shader: /usr/share/supertuxkart/data/shaders/uniformcolortexturedquad.frag
[info   ] ShaderFilesManager: Compiling shader: /usr/share/supertuxkart/data/shaders/texturedquad.frag
[info   ] ShaderFilesManager: Compiling shader: /usr/share/supertuxkart/data/shaders/coloredquad.vert
[info   ] ShaderFilesManager: Compiling shader: /usr/share/supertuxkart/data/shaders/coloredquad.frag
[info   ] ShaderFilesManager: Compiling shader: /usr/share/supertuxkart/data/shaders/colortexturedquad.vert
[info   ] ShaderFilesManager: Compiling shader: /usr/share/supertuxkart/data/shaders/colortexturedquad.frag
[info   ] irr_driver: GLSL supported.
[info   ] GUI: Loading skin data from file: /usr/share/supertuxkart/data/skins/peach/stkskin.xml
[info   ] SDLController: Xbox 360 Controller plugged in: buttons: 11, axes: 6, hats: 1.
[info   ] SDLController: Xbox 360 Controller uses game controller mapping X360 Controller.
[info   ] ShaderFilesManager: Compiling shader: /usr/share/supertuxkart/data/shaders/sp_pass.vert
[info   ] ShaderFilesManager: Compiling shader: /usr/share/supertuxkart/data/shaders/sp_solid.frag
[info   ] ShaderFilesManager: Compiling shader: /usr/share/supertuxkart/data/shaders/sp_shadow.vert
[info   ] ShaderFilesManager: Compiling shader: /usr/share/supertuxkart/data/shaders/white.frag
[info   ] ShaderFilesManager: Compiling shader: /usr/share/supertuxkart/data/shaders/sp_skinning.vert
[info   ] ShaderFilesManager: Compiling shader: /usr/share/supertuxkart/data/shaders/sp_skinning_shadow.vert
[info   ] ShaderFilesManager: Compiling shader: /usr/share/supertuxkart/data/shaders/sp_normal_map.frag
[info   ] ShaderFilesManager: Compiling shader: /usr/share/supertuxkart/data/shaders/sp_alpha_test.frag
[info   ] ShaderFilesManager: Compiling shader: /usr/share/supertuxkart/data/shaders/sp_shadow_alpha_test.frag
[info   ] ShaderFilesManager: Compiling shader: /usr/share/supertuxkart/data/shaders/sp_decal.frag
[info   ] ShaderFilesManager: Compiling shader: /usr/share/supertuxkart/data/shaders/sp_grass_pass.vert
[info   ] ShaderFilesManager: Compiling shader: /usr/share/supertuxkart/data/shaders/sp_grass.frag
[info   ] ShaderFilesManager: Compiling shader: /usr/share/supertuxkart/data/shaders/sp_grass_shadow.vert
[info   ] ShaderFilesManager: Compiling shader: /usr/share/supertuxkart/data/shaders/sp_unlit.frag
[info   ] ShaderFilesManager: Compiling shader: /usr/share/supertuxkart/data/shaders/sp_transparent.frag
[info   ] ShaderFilesManager: Compiling shader: /usr/share/supertuxkart/data/shaders/sp_ghost.frag
[info   ] ShaderFilesManager: Compiling shader: /usr/share/supertuxkart/data/shaders/sp_dynamic_night_bloom.frag
[info   ] ShaderFilesManager: Compiling shader: /usr/share/supertuxkart/data/shaders/sp_tilling_mitigation.frag
[info   ] ShaderFilesManager: Compiling shader: /usr/share/supertuxkart/data/shaders/sp_vertical_mapping.frag
[info   ] ShaderFilesManager: Compiling shader: /usr/share/supertuxkart/data/shaders/sp_road_blending.frag
[info   ] ShaderFilesManager: Compiling shader: /usr/share/supertuxkart/data/shaders/sp_displace.frag
[info   ] ShaderFilesManager: Compiling shader: /usr/share/supertuxkart/data/shaders/colorize.frag
[info   ] ShaderFilesManager: Compiling shader: /usr/share/supertuxkart/data/shaders/sp_normal_visualizer.vert
[info   ] ShaderFilesManager: Compiling shader: /usr/share/supertuxkart/data/shaders/sp_normal_visualizer.geom
[info   ] ShaderFilesManager: Compiling shader: /usr/share/supertuxkart/data/shaders/sp_normal_visualizer.frag
[info   ] HTTPRequest: Downloading https://online.supertuxkart.net/dl/xml/online_news.xml
[info   ] GrandPrixManager: Loading Grand Prix files from /usr/share/supertuxkart/data/grandprix/
[info   ] GrandPrixManager: Loading Grand Prix files from /home/negrojose/.local/share/supertuxkart/grandprix/
[info   ] addons: Downloading updated addons.xml.
[info   ] HTTPRequest: Downloading https://online.supertuxkart.net/dl/xml/online_assets.xml
[warn   ] SPMeshBuffer: kartDirt shader is missing, fallback to solid
[warn   ] SPMeshBuffer: kartDirt shader is missing, fallback to solid
[warn   ] SPMeshBuffer: kartDirt shader is missing, fallback to solid
[warn   ] SPMeshBuffer: kartDirt shader is missing, fallback to solid
[warn   ] SPMeshBuffer: kartDirt shader is missing, fallback to solid
[info   ] STKHost: Host initialized.
Mon Oct 07 11:02:30 2024 [info   ] STKHost: Host initialized.
Mon Oct 07 11:02:30 2024 [info   ] STKHost: Server port is 2759
Mon Oct 07 11:02:30 2024 [info   ] ServerLobby: Resetting the server to its initial state.
Mon Oct 07 11:02:30 2024 [info   ] ProtocolManager: A 11ServerLobby protocol has been started.
Mon Oct 07 11:02:30 2024 [info   ] STKHost: Listening has been started.
[info   ] ConnectToServer: SETUP
[info   ] ProtocolManager: A 15ConnectToServer protocol has been started.
[info   ] ConnectToServer: Trying connecting to [::1]:2759 from port 60896, retry remain: 3
[info   ] ConnectToServer: Connected to [::1]:2759
[info   ] ProtocolManager: A 11ClientLobby protocol has been started.
[info   ] ProtocolManager: A 15ConnectToServer protocol has been terminated.
[info   ] STKHost: Listening has been started.
Mon Oct 07 11:02:30 2024 [info   ] STKHost: [::1]:60896 has just connected. There are now 1 peers.
Mon Oct 07 11:02:30 2024 [info   ] ServerLobby: Message of type 1 received.
Mon Oct 07 11:02:30 2024 [info   ] ServerLobby: New player negrojose with online id 0 from [::1]:60896 with SuperTuxKart/1.4 (Linux).
[info   ] ClientLobby: Synchronous message of type 4
[info   ] ClientLobby: Synchronous message of type 6
[info   ] ClientLobby: Synchronous message of type 3
[info   ] ClientLobby: The server accepted the connection.
[info   ] ClientLobby: Synchronous message of type 18
[info   ] ClientLobby: Synchronous message of type 6
[info   ] NetworkTimerSynchronizer: Network timer synchronized, difference: 1ms
[info   ] ProtocolManager: A 11ClientLobby protocol has been terminated.
Mon Oct 07 11:02:46 2024 [info   ] ProtocolManager: A 11ServerLobby protocol has been terminated.
[info   ] STKHost: Listening has been stopped.
Mon Oct 07 11:02:46 2024 [info   ] STKHost: Listening has been stopped.
[warn   ] LayoutManager: Statically sized widgets took all the place!!
[info   ] HTTPRequest: Sending username=negrojose&password=**********&save-session=false to https://online.supertuxkart.net/api/v2/user/connect/
[info   ] HTTPRequest: Sending username=negrojose&password=**********&save-session=false to https://online.supertuxkart.net/api/v2/user/connect/
[info   ] HTTPRequest: Sending username=negrojose&password=*********&password_confirm=*********&email=tomascanosanta%40gmail.com&terms=on to https://online.supertuxkart.net/api/v2/user/register/
[warn   ] LayoutManager: Statically sized widgets took all the place!!
[info   ] HTTPRequest: Sending username=negrojose&password=*********&save-session=true to https://online.supertuxkart.net/api/v2/user/connect/
[info   ] HTTPRequest: Sending userid=489746&token=************************&visitingid=489746 to https://online.supertuxkart.net/api/v2/user/get-friends-list/
[info   ] HTTPRequest: Sending userid=489746&token=************************ to https://online.supertuxkart.net/api/v2/user/poll/
[info   ] HTTPRequest: Downloading https://online.supertuxkart.net/api/v2/server/get-all/
[info   ] NetworkConfig: System is IPv4 only.
[verbose  ] ServersManager: Skipping an IPv6 only server
[info   ] ServerInfoDialog: Server id is 158044, owner is 489305
[info   ] STKHost: Host initialized.
[info   ] ConnectToServer: SETUP
[info   ] ProtocolManager: A 15ConnectToServer protocol has been started.
[warn   ] STKHost: Failed to get enough stun servers using SRV record.
[info   ] ConnectToServer: Registering addr 193.146.57.250:52699
[info   ] HTTPRequest: Sending userid=489746&token=************************&server-id=158044&address=3247585786&address-ipv6=&port=52699&aes-key=******************************&aes-iv=Avz%2Buy%2F57ZEQPudz to https://online.supertuxkart.net/api/v2/server/join-server-key/
[info   ] ConnectToServer: Trying connecting to 193.146.57.80:63175 from port 59724, retry remain: 3
[info   ] ConnectToServer: Trying connecting to 193.146.57.80:63175 from port 59724, retry remain: 2
[info   ] ConnectToServer: Trying connecting to 193.146.57.80:63175 from port 59724, retry remain: 1
[info   ] ConnectToServer: Trying connecting to 193.146.57.80:63175 from port 59724, retry remain: 0
[info   ] ConnectToServer: Trying connecting to 193.146.57.80:63175 from port 52699, retry remain: 10
[info   ] ConnectToServer: Trying connecting to 193.146.57.80:63175 from port 52699, retry remain: 9
[info   ] ConnectToServer: Trying connecting to 193.146.57.80:63175 from port 52699, retry remain: 8
[info   ] ConnectToServer: Trying connecting to 193.146.57.80:63175 from port 52699, retry remain: 7
[info   ] ConnectToServer: Trying connecting to 193.146.57.80:63175 from port 52699, retry remain: 6
[info   ] ConnectToServer: Trying connecting to 193.146.57.80:63175 from port 52699, retry remain: 5
[info   ] ConnectToServer: Trying connecting to 193.146.57.80:63175 from port 52699, retry remain: 4
[info   ] ConnectToServer: Trying connecting to 193.146.57.80:63175 from port 52699, retry remain: 3
[info   ] ProtocolManager: A 15ConnectToServer protocol has been terminated.
[info   ] HTTPRequest: Sending userid=489746&token=************************ to https://online.supertuxkart.net/api/v2/server/clear-user-joined-server/
[info   ] HTTPRequest: Downloading https://online.supertuxkart.net/api/v2/server/get-all/
[info   ] NetworkConfig: System is IPv4 only.
[info   ] HTTPRequest: Sending userid=489746&token=************************ to https://online.supertuxkart.net/api/v2/user/poll/
[info   ] STKHost: Host initialized.
Mon Oct 07 11:06:51 2024 [info   ] STKHost: Host initialized.
Mon Oct 07 11:06:51 2024 [info   ] STKHost: Server port is 2759
Mon Oct 07 11:06:51 2024 [info   ] ServerLobby: Resetting the server to its initial state.
Mon Oct 07 11:06:51 2024 [info   ] ProtocolManager: A 11ServerLobby protocol has been started.
Mon Oct 07 11:06:51 2024 [info   ] STKHost: Listening has been started.
[info   ] ConnectToServer: SETUP
[info   ] ProtocolManager: A 15ConnectToServer protocol has been started.
[info   ] ConnectToServer: Trying connecting to [::1]:2759 from port 48726, retry remain: 3
[info   ] ConnectToServer: Connected to [::1]:2759
[info   ] ProtocolManager: A 11ClientLobby protocol has been started.
[info   ] ProtocolManager: A 15ConnectToServer protocol has been terminated.
[info   ] STKHost: Listening has been started.
Mon Oct 07 11:06:51 2024 [info   ] STKHost: [::1]:48726 has just connected. There are now 1 peers.
Mon Oct 07 11:06:51 2024 [info   ] ServerLobby: Message of type 1 received.
Mon Oct 07 11:06:51 2024 [info   ] ServerLobby: New player negrojose with online id 489746 from [::1]:48726 with SuperTuxKart/1.4 (Linux).
[info   ] ClientLobby: Synchronous message of type 4
[info   ] ClientLobby: Synchronous message of type 6
[info   ] ClientLobby: Synchronous message of type 3
[info   ] ClientLobby: The server accepted the connection.
[info   ] ClientLobby: Synchronous message of type 18
[info   ] ClientLobby: Synchronous message of type 6
[info   ] NetworkTimerSynchronizer: Network timer synchronized, difference: 0ms
Mon Oct 07 11:07:06 2024 [info   ] ServerLobby: Message of type 17 received.
[info   ] ClientLobby: Synchronous message of type 17
[info   ] ClientLobby: negrojose: 😕😅😳😄😉😘
[info   ] ProtocolManager: A 11ClientLobby protocol has been terminated.
Mon Oct 07 11:07:07 2024 [info   ] ProtocolManager: A 11ServerLobby protocol has been terminated.
Mon Oct 07 11:07:07 2024 [info   ] STKHost: [::1]:48726 has just disconnected. There are now 0 peers.
[info   ] STKHost: Listening has been stopped.
Mon Oct 07 11:07:07 2024 [info   ] STKHost: Listening has been stopped.
[info   ] Broadcast: address 127.0.0.1:0 length 8 mask ff --> 127.0.0.255:2757
[info   ] Broadcast: address 172.22.52.250:0 length 16 mask ffff --> 172.22.255.255:2757
[info   ] Broadcast: address 172.22.52.250:0 length 8 mask ff --> 172.22.52.255:2757
[info   ] Broadcast: address 172.22.52.251:0 length 16 mask ffff --> 172.22.255.255:2757
[info   ] Broadcast: address 172.22.52.251:0 length 8 mask ff --> 172.22.52.255:2757
[info   ] Server Discovery: Broadcasting to 127.0.0.255:2757
[info   ] Server Discovery: Broadcasting to 172.22.255.255:2757
[info   ] Server Discovery: Broadcasting to 172.22.52.255:2757
[info   ] Server Discovery: Broadcasting to 172.22.255.255:2757
[info   ] Server Discovery: Broadcasting to 172.22.52.255:2757
[info   ] Server Discovery: Broadcasting to [ff02::1]:2757
[info   ] Server Discovery: Broadcasting to [ff02::1]:2757
[info   ] ServersManager: Sent broadcast message.
[info   ] HTTPRequest: Downloading https://online.supertuxkart.net/api/v2/server/get-all/
[info   ] NetworkConfig: System is IPv4 only.
[verbose  ] ServersManager: Skipping an IPv6 only server
[info   ] HTTPRequest: Downloading https://online.supertuxkart.net/api/v2/server/get-all/
[info   ] NetworkConfig: System is IPv4 only.
[verbose  ] ServersManager: Skipping an IPv6 only server
[info   ] ServerInfoDialog: Server id is 157705, owner is 306788
[info   ] HTTPRequest: Sending userid=489746&token=************************ to https://online.supertuxkart.net/api/v2/user/poll/
[info   ] STKHost: Host initialized.
[info   ] ConnectToServer: SETUP
[info   ] ProtocolManager: A 15ConnectToServer protocol has been started.
[info   ] HTTPRequest: Downloading https://online.supertuxkart.net/api/v2/server/get-all/
[info   ] NetworkConfig: System is IPv4 only.
[verbose  ] ServersManager: Skipping an IPv6 only server
[warn   ] STKHost: Failed to get enough stun servers using SRV record.
[info   ] ConnectToServer: Registering addr 193.146.57.250:45101
[info   ] HTTPRequest: Sending userid=489746&token=************************&server-id=158026&address=3247585786&address-ipv6=&port=45101&aes-key=****************************&aes-iv=JXYJD924Ybl7Et2s to https://online.supertuxkart.net/api/v2/server/join-server-key/
[info   ] ConnectToServer: Trying connecting to 130.61.32.177:2764 from port 35760, retry remain: 3
[info   ] ConnectToServer: Connected to 130.61.32.177:2764
[info   ] ProtocolManager: A 11ClientLobby protocol has been started.
[info   ] ProtocolManager: A 15ConnectToServer protocol has been terminated.
[info   ] STKHost: Listening has been started.
[info   ] ClientLobby: Server will validate this online player.
[info   ] ClientLobby: Synchronous message of type 4
[info   ] ClientLobby: Synchronous message of type 6
[info   ] ClientLobby: Synchronous message of type 3
[info   ] ClientLobby: The server accepted the connection.
[info   ] ClientLobby: Synchronous message of type 18
[info   ] ClientLobby: Synchronous message of type 6
[info   ] ClientLobby: Synchronous message of type 6
[info   ] ClientLobby: Synchronous message of type 6
[info   ] ClientLobby: Synchronous message of type 17
[info   ] ClientLobby: No one can play!
[info   ] ClientLobby: Synchronous message of type 17
[info   ] ClientLobby: No one can play!
[info   ] NetworkTimerSynchronizer: Network timer synchronized, difference: 0ms
[info   ] ClientLobby: Synchronous message of type 17
[info   ] ClientLobby: MeEncantanLasBasesDeDatos: asdsa
[info   ] ClientLobby: Synchronous message of type 17
[info   ] ClientLobby: MeEncantanLasBasesDeDatos: sad
[info   ] ClientLobby: Synchronous message of type 17
[info   ] ClientLobby: MeEncantanLasBasesDeDatos: sad
[info   ] ClientLobby: Synchronous message of type 17
[info   ] ClientLobby: MeEncantanLasBasesDeDatos: ds
[info   ] ClientLobby: Synchronous message of type 17
[info   ] ClientLobby: MeEncantanLasBasesDeDatos: d
[info   ] ProtocolManager: A 11ClientLobby protocol has been terminated.
[info   ] HTTPRequest: Sending userid=489746&token=************************ to https://online.supertuxkart.net/api/v2/server/clear-user-joined-server/
[info   ] STKHost: Listening has been stopped.
[info   ] SDLController: Xbox 360 Controller unplugged.
[verbose  ] Thread: Start waiting 1715256.202000
[info   ] HTTPRequest: Sending userid=489746&token=************************ to https://online.supertuxkart.net/api/v2/user/client-quit/
[verbose  ] Thread: Waited 0.010000 seconds for thread to become deleteable.
[verbose  ] Thread: Stop waiting 1715256.212000
[verbose  ] Thread: Start waiting 1715256.230000
[verbose  ] Thread: Waited 0.503000 seconds for thread to become deleteable.
[verbose  ] Thread: Stop waiting 1715256.733000
[info   ] Singleton: Destroyed singleton.
[info   ] Singleton: Destroyed singleton.
[info   ] Singleton: Destroyed singleton.
[info   ] Singleton: Destroyed singleton.
[info   ] Singleton: Destroyed singleton.
[info   ] Singleton: Destroyed singleton.
[info   ] Singleton: Destroyed singleton.
[info   ] Singleton: Destroyed singleton.
[info   ] Singleton: Destroyed singleton.
[info   ] Singleton: Destroyed singleton.
