2024-09-04T15:14:23.321Z - info: [ui] [AppStore] loading 0 repositories from store
2024-09-04T15:14:23.363Z - info: [ui] [Welcome] no sign in step found. ignoring...
2024-09-04T15:14:23.463Z - info: [ui] [Welcome] no sign in step found. ignoring...
2024-09-04T15:14:23.467Z - info: [ui] launching: 3.4.3-linux1 (Linux 6.10.7-arch1-1)
2024-09-04T15:14:23.467Z - info: [ui] execPath: '/opt/github-desktop/github-desktop'
2024-09-04T15:14:23.481Z - info: [ui] [Welcome] no sign in step found. ignoring...
2024-09-04T15:14:23.547Z - info: [ui] [Welcome] no sign in step found. ignoring...
2024-09-04T15:14:23.869Z - info: [ui] Opt in reported.
2024-09-04T15:14:32.328Z - info: [ui] [Welcome] no sign in step found. ignoring...
2024-09-04T15:15:13.073Z - info: [ui] [Welcome] no sign in step found. ignoring...
2024-09-04T15:15:15.340Z - info: [ui] [Welcome] advancing to step: SignInToEnterprise
2024-09-04T15:15:15.347Z - info: [ui] [Welcome] current sign in state not found. ignoring...
2024-09-04T15:15:24.452Z - info: [ui] [Welcome] advancing to step: Start
2024-09-04T15:15:26.167Z - info: [ui] [Welcome] advancing to step: SignInToDotComWithBrowser
2024-09-04T15:15:26.169Z - info: [ui] [SignInStore] initializing OAuth flow
2024-09-04T15:15:26.185Z - info: [main] opening in browser: https://github.com/login/oauth/authorize?client_id=3a723b10ac5575cc5bb9&scope=repo%20user%20workflow&state=e1a4baf7-3f97-4ce3-b14c-e7f36bc4cfea
2024-09-04T15:15:26.186Z - info: [ui] [SignInStore] account resolved
2024-09-04T15:15:29.282Z - info: [ui] [Welcome] kind Authentication is the same as Authentication. ignoring...
2024-09-04T15:16:57.335Z - info: [ui] [Welcome] kind Authentication is the same as Authentication. ignoring...
2024-09-04T15:17:08.097Z - info: [ui] [AppStore] loading 0 repositories from store
2024-09-04T15:17:08.124Z - info: [ui] [Welcome] no sign in step found. ignoring...
2024-09-04T15:17:08.240Z - info: [ui] [Welcome] no sign in step found. ignoring...
2024-09-04T15:17:08.243Z - info: [ui] launching: 3.4.3-linux1 (Linux 6.10.7-arch1-1)
2024-09-04T15:17:08.244Z - info: [ui] execPath: '/opt/github-desktop/github-desktop'
2024-09-04T15:17:08.260Z - info: [ui] [Welcome] no sign in step found. ignoring...
2024-09-04T15:17:08.311Z - info: [ui] [Welcome] no sign in step found. ignoring...
2024-09-04T15:17:10.333Z - info: [ui] [Welcome] advancing to step: SignInToDotComWithBrowser
2024-09-04T15:17:10.334Z - info: [ui] [SignInStore] initializing OAuth flow
2024-09-04T15:17:10.351Z - info: [main] opening in browser: https://github.com/login/oauth/authorize?client_id=3a723b10ac5575cc5bb9&scope=repo%20user%20workflow&state=5b5c1cb1-e112-44a3-b652-6cf5dccc176c
2024-09-04T15:17:10.351Z - info: [ui] [SignInStore] account resolved
2024-09-04T15:17:10.353Z - info: [ui] [Welcome] current sign in state not found. ignoring...
2024-09-04T15:17:11.993Z - info: [ui] [Welcome] kind Authentication is the same as Authentication. ignoring...
2024-09-04T15:17:18.571Z - info: [main] Received possible protocol arguments: 3
2024-09-04T15:17:18.571Z - info: [main] Processing protocol url
2024-09-04T15:17:18.573Z - info: [ui] [Welcome] kind Authentication is the same as Authentication. ignoring...
2024-09-04T15:17:18.754Z - info: [main] Received possible protocol arguments: 2
2024-09-04T15:17:18.761Z - info: [main] Processing protocol url
2024-09-04T15:17:19.740Z - info: [ui] [Welcome] kind Authentication is the same as Authentication. ignoring...
2024-09-04T15:17:19.817Z - info: [ui] [AppStore] adding account werty534 (werty534) to store
2024-09-04T15:17:19.819Z - info: [ui] [Welcome] advancing to step: ConfigureGit
2024-09-04T15:17:19.879Z - info: [ui] [Welcome] no sign in step found. ignoring...
2024-09-04T15:17:20.354Z - info: [ui] [Welcome] no sign in step found. ignoring...
2024-09-04T15:17:47.745Z - info: [ui] [Welcome] no sign in step found. ignoring...
2024-09-04T15:17:47.784Z - info: [ui] [Welcome] no sign in step found. ignoring...
2024-09-04T15:17:48.064Z - info: [ui] [Welcome] no sign in step found. ignoring...
2024-09-04T15:17:48.128Z - info: [ui] Subscribed 'werty534' to Alive channel
2024-09-04T15:18:29.215Z - info: [ui] [AppStore] loading 0 repositories from store
2024-09-04T15:18:29.224Z - info: [ui] [AppStore] found account: werty534 (werty534)
2024-09-04T15:18:29.288Z - info: [ui] launching: 3.4.3-linux1 (Linux 6.10.7-arch1-1)
2024-09-04T15:18:29.289Z - info: [ui] execPath: '/opt/github-desktop/github-desktop'
2024-09-04T15:18:29.800Z - info: [ui] Stats reported.
2024-09-04T15:18:29.821Z - info: [ui] Subscribed 'werty534' to Alive channel
