2024-07-12 15:08:43.256 [info] Name: Python Debugger
2024-07-12 15:08:43.256 [info] Module: debugpy
2024-07-12 15:08:43.256 [error] sendDebugpySuccessActivationTelemetry() failed. [Error: Extension 'ms-python.debugpy' CANNOT use API proposal: portsAttributes.
Its package.json#enabledApiProposals-property declares:  but NOT portsAttributes.
 The missing proposal MUST be added and you must start in extension development mode or use the following command line switch: --enable-proposed-api ms-python.debugpy
	at P (/usr/lib/code/out/vs/workbench/api/node/extensionHostProcess.js:142:57960)
	at Object.registerPortAttributesProvider (/usr/lib/code/out/vs/workbench/api/node/extensionHostProcess.js:164:42563)
	at t.registerDebugger (/home/negrojose/.vscode-oss/extensions/ms-python.debugpy-2024.8.0-linux-x64/dist/extension.js:2:880557)
	at e.activate (/home/negrojose/.vscode-oss/extensions/ms-python.debugpy-2024.8.0-linux-x64/dist/extension.js:2:1128458)
	at K.kb (/usr/lib/code/out/vs/workbench/api/node/extensionHostProcess.js:160:13532)
	at K.jb (/usr/lib/code/out/vs/workbench/api/node/extensionHostProcess.js:160:13245)
	at /usr/lib/code/out/vs/workbench/api/node/extensionHostProcess.js:160:11246
	at async c.n (/usr/lib/code/out/vs/workbench/api/node/extensionHostProcess.js:144:6384)
	at async c.m (/usr/lib/code/out/vs/workbench/api/node/extensionHostProcess.js:144:6347)
	at async c.l (/usr/lib/code/out/vs/workbench/api/node/extensionHostProcess.js:144:5804)]
2024-07-12 15:08:52.990 [info] DAP Server launched with command: /bin/python /home/negrojose/.vscode-oss/extensions/ms-python.debugpy-2024.8.0-linux-x64/bundled/libs/debugpy/adapter
2024-07-12 15:10:23.142 [info] DAP Server launched with command: /bin/python /home/negrojose/.vscode-oss/extensions/ms-python.debugpy-2024.8.0-linux-x64/bundled/libs/debugpy/adapter
2024-07-12 15:12:36.914 [info] DAP Server launched with command: /bin/python /home/negrojose/.vscode-oss/extensions/ms-python.debugpy-2024.8.0-linux-x64/bundled/libs/debugpy/adapter
2024-07-12 15:14:06.204 [info] DAP Server launched with command: /bin/python /home/negrojose/.vscode-oss/extensions/ms-python.debugpy-2024.8.0-linux-x64/bundled/libs/debugpy/adapter
2024-07-12 15:18:51.039 [info] DAP Server launched with command: /bin/python /home/negrojose/.vscode-oss/extensions/ms-python.debugpy-2024.8.0-linux-x64/bundled/libs/debugpy/adapter
2024-07-12 15:19:08.602 [info] DAP Server launched with command: /bin/python /home/negrojose/.vscode-oss/extensions/ms-python.debugpy-2024.8.0-linux-x64/bundled/libs/debugpy/adapter
2024-07-12 15:19:20.098 [info] DAP Server launched with command: /bin/python /home/negrojose/.vscode-oss/extensions/ms-python.debugpy-2024.8.0-linux-x64/bundled/libs/debugpy/adapter
