00:00:00.000892 main     VirtualBox XPCOM Server 7.0.20 r163906 linux.amd64 (Jul 16 2024 13:33:48) release log
00:00:00.000894 main     Log opened 2024-08-09T20:41:58.464206000Z
00:00:00.000895 main     Build Type: release
00:00:00.000897 main     OS Product: Linux
00:00:00.000898 main     OS Release: 6.10.3-arch1-2
00:00:00.000899 main     OS Version: #1 SMP PREEMPT_DYNAMIC Tue, 06 Aug 2024 07:21:19 +0000
00:00:00.000916 main     DMI Product Name: Vostro 15-3568
00:00:00.000924 main     DMI Product Version: 
00:00:00.000928 main     Firmware type: UEFI
00:00:00.001106 main     Secure Boot: Disabled
00:00:00.001144 main     Host RAM: 7808MB (7.6GB) total, 6949MB (6.7GB) available
00:00:00.001148 main     Executable: /usr/lib/virtualbox/VBoxSVC
00:00:00.001148 main     Process ID: 1309
00:00:00.001149 main     Package type: LINUX_64BITS_GENERIC (OSE)
00:00:00.003594 main     IPC socket path: /tmp/.vbox-negrojose-ipc/ipcd
00:00:00.115537 nspr-2   VirtualBox: object creation starts
00:00:00.118401 nspr-2   Home directory: '/home/negrojose/.config/VirtualBox'
00:00:00.158265 nspr-2   NetIfAdpCtlOut: VBoxNetAdpCtl: Error while retrieving link speed for wlp1s0: VBoxNetAdpCtl: ioctl failed: Operation not supported
00:00:00.162251 nspr-2   HostDnsMonitor: initializing
00:00:00.162995 nspr-2   NAT: resolv.conf: nameserver 80.58.61.254
00:00:00.163029 nspr-2   NAT: resolv.conf: nameserver 80.58.61.250
00:00:00.163069 nspr-2   HostDnsMonitor: updating information
00:00:00.163103 nspr-2   HostDnsMonitor: old information
00:00:00.163110 nspr-2     no server entries
00:00:00.163116 nspr-2     no domain set
00:00:00.163122 nspr-2     no search string entries
00:00:00.163128 nspr-2   HostDnsMonitor: new information
00:00:00.163133 nspr-2     server 1: 80.58.61.254
00:00:00.163141 nspr-2     server 2: 80.58.61.250
00:00:00.163147 nspr-2     no domain set
00:00:00.163153 nspr-2     no search string entries
00:00:00.172503 nspr-2   VD: VDInit finished with VINF_SUCCESS
00:00:00.173606 nspr-2   ERROR [COM]: aRC=NS_ERROR_FAILURE (0x80004005) aIID={aac6c7cb-a371-4c58-ab51-0616896b2f2c} aComponent={SystemPropertiesWrap} aText={Cannot determine default Guest Additions ISO location. Most likely they are not available}, preserve=false aResultDetail=0
00:00:00.177592 nspr-2   VirtualBox: object created
00:00:00.927712 nspr-2   Saving settings file "/home/negrojose/.config/VirtualBox/VirtualBox.xml" with version "1.12-linux"
00:00:00.939775 nspr-2   Finished saving settings file "/home/negrojose/.config/VirtualBox/VirtualBox.xml"
00:00:00.991168 nspr-2   Saving settings file "/home/negrojose/.config/VirtualBox/VirtualBox.xml" with version "1.12-linux"
00:00:01.001213 nspr-2   Finished saving settings file "/home/negrojose/.config/VirtualBox/VirtualBox.xml"
00:00:01.042662 nspr-2   WARNING [COM]: aRC=NS_ERROR_FAILURE (0x80004005) aIID={e54f6256-97a7-4947-8a78-10c013ddf4b8} aComponent={HostWrap} aText={VirtualBox is not currently allowed to access USB devices.  You can change this by adding your user to the 'vboxusers' group.  Please see the user manual for a more detailed explanation}, preserve=false aResultDetail=0
00:00:01.459844 nspr-2   Saving settings file "/home/negrojose/.config/VirtualBox/VirtualBox.xml" with version "1.12-linux"
00:00:01.475728 nspr-2   Finished saving settings file "/home/negrojose/.config/VirtualBox/VirtualBox.xml"
00:00:09.277906 nspr-3   Saving settings file "/home/negrojose/.config/VirtualBox/VirtualBox.xml" with version "1.12-linux"
00:00:09.297286 nspr-3   Finished saving settings file "/home/negrojose/.config/VirtualBox/VirtualBox.xml"
00:00:22.204329 nspr-4   ERROR [COM]: aRC=NS_ERROR_FAILURE (0x80004005) aIID={aac6c7cb-a371-4c58-ab51-0616896b2f2c} aComponent={SystemPropertiesWrap} aText={Cannot determine default Guest Additions ISO location. Most likely they are not available}, preserve=false aResultDetail=0
00:00:41.803321 nspr-4   Unattended: RTVfsQueryPathInfo(, '\OS2IMAGE/DISK_0/OS2LDR' (from OS2SE20.SRC),) -> VERR_PATH_NOT_FOUND, fMode=0x0
00:00:41.836675 nspr-4   Saving settings file "/home/negrojose/.config/VirtualBox/VirtualBox.xml" with version "1.12-linux"
00:00:41.853973 nspr-4   Finished saving settings file "/home/negrojose/.config/VirtualBox/VirtualBox.xml"
00:00:41.856257 nspr-3   Saving settings file "/home/negrojose/.config/VirtualBox/VirtualBox.xml" with version "1.12-linux"
00:00:41.866840 nspr-3   Finished saving settings file "/home/negrojose/.config/VirtualBox/VirtualBox.xml"
00:02:38.426959 createBase Saving settings file "/home/negrojose/.config/VirtualBox/VirtualBox.xml" with version "1.12-linux"
00:02:38.435496 createBase Finished saving settings file "/home/negrojose/.config/VirtualBox/VirtualBox.xml"
00:02:38.443672 nspr-4   WARNING [COM]: aRC=NS_ERROR_FAILURE (0x80004005) aIID={e54f6256-97a7-4947-8a78-10c013ddf4b8} aComponent={HostWrap} aText={VirtualBox is not currently allowed to access USB devices.  You can change this by adding your user to the 'vboxusers' group.  Please see the user manual for a more detailed explanation}, preserve=true aResultDetail=0
00:02:38.445502 nspr-4   Saving settings file "/home/negrojose/VirtualBox VMs/nixOS/nixOS.vbox" with version "1.19-linux"
00:02:38.459923 nspr-4   Finished saving settings file "/home/negrojose/VirtualBox VMs/nixOS/nixOS.vbox"
00:02:38.460090 nspr-4   Saving settings file "/home/negrojose/.config/VirtualBox/VirtualBox.xml" with version "1.12-linux"
00:02:38.470082 nspr-4   Finished saving settings file "/home/negrojose/.config/VirtualBox/VirtualBox.xml"
00:02:38.476888 nspr-3   Saving settings file "/home/negrojose/.config/VirtualBox/VirtualBox.xml" with version "1.12-linux"
00:02:38.487986 nspr-3   Finished saving settings file "/home/negrojose/.config/VirtualBox/VirtualBox.xml"
00:02:38.494573 nspr-3   Saving settings file "/home/negrojose/.config/VirtualBox/VirtualBox.xml" with version "1.12-linux"
00:02:38.502286 nspr-3   Finished saving settings file "/home/negrojose/.config/VirtualBox/VirtualBox.xml"
00:02:38.503134 nspr-3   Saving settings file "/home/negrojose/VirtualBox VMs/nixOS/nixOS.vbox" with version "1.19-linux"
00:02:38.517364 nspr-3   Finished saving settings file "/home/negrojose/VirtualBox VMs/nixOS/nixOS.vbox"
00:02:38.571694 nspr-3   Saving settings file "/home/negrojose/.config/VirtualBox/VirtualBox.xml" with version "1.12-linux"
00:02:38.581968 nspr-3   Finished saving settings file "/home/negrojose/.config/VirtualBox/VirtualBox.xml"
00:02:38.970945 nspr-2   WARNING [COM]: aRC=NS_ERROR_FAILURE (0x80004005) aIID={e54f6256-97a7-4947-8a78-10c013ddf4b8} aComponent={HostWrap} aText={VirtualBox is not currently allowed to access USB devices.  You can change this by adding your user to the 'vboxusers' group.  Please see the user manual for a more detailed explanation}, preserve=true aResultDetail=0
00:02:39.016661 nspr-2   ERROR [COM]: aRC=VBOX_E_INVALID_VM_STATE (0x80bb0002) aIID={300763af-5d6b-46e6-aa96-273eac15538a} aComponent={MachineWrap} aText={The machine is not mutable (state is PoweredOff)}, preserve=false aResultDetail=0
00:02:39.176006 nspr-5   WARNING [COM]: aRC=NS_ERROR_FAILURE (0x80004005) aIID={e54f6256-97a7-4947-8a78-10c013ddf4b8} aComponent={HostWrap} aText={VirtualBox is not currently allowed to access USB devices.  You can change this by adding your user to the 'vboxusers' group.  Please see the user manual for a more detailed explanation}, preserve=true aResultDetail=0
00:02:39.177459 nspr-5   WARNING [COM]: aRC=NS_ERROR_FAILURE (0x80004005) aIID={e54f6256-97a7-4947-8a78-10c013ddf4b8} aComponent={HostWrap} aText={VirtualBox is not currently allowed to access USB devices.  You can change this by adding your user to the 'vboxusers' group.  Please see the user manual for a more detailed explanation}, preserve=true aResultDetail=0
00:02:42.913070 nspr-2   Launched VM: 2751824240 pid: 1526 (0x5f6) frontend: GUI/Qt name: nixOS
00:02:42.975193 nspr-3   ERROR [COM]: aRC=VBOX_E_INVALID_VM_STATE (0x80bb0002) aIID={300763af-5d6b-46e6-aa96-273eac15538a} aComponent={MachineWrap} aText={The machine is not mutable (state is PoweredOff)}, preserve=false aResultDetail=0
00:02:43.015588 nspr-3   WARNING [COM]: aRC=NS_ERROR_FAILURE (0x80004005) aIID={e54f6256-97a7-4947-8a78-10c013ddf4b8} aComponent={HostWrap} aText={VirtualBox is not currently allowed to access USB devices.  You can change this by adding your user to the 'vboxusers' group.  Please see the user manual for a more detailed explanation}, preserve=true aResultDetail=0
00:02:43.016950 nspr-3   WARNING [COM]: aRC=NS_ERROR_FAILURE (0x80004005) aIID={e54f6256-97a7-4947-8a78-10c013ddf4b8} aComponent={HostWrap} aText={VirtualBox is not currently allowed to access USB devices.  You can change this by adding your user to the 'vboxusers' group.  Please see the user manual for a more detailed explanation}, preserve=true aResultDetail=0
00:02:43.312753 nspr-7   ERROR [COM]: aRC=VBOX_E_INVALID_VM_STATE (0x80bb0002) aIID={300763af-5d6b-46e6-aa96-273eac15538a} aComponent={MachineWrap} aText={The machine is not mutable (state is PoweredOff)}, preserve=false aResultDetail=0
00:02:43.340172 nspr-8   WARNING [COM]: aRC=NS_ERROR_FAILURE (0x80004005) aIID={e54f6256-97a7-4947-8a78-10c013ddf4b8} aComponent={HostWrap} aText={VirtualBox is not currently allowed to access USB devices.  You can change this by adding your user to the 'vboxusers' group.  Please see the user manual for a more detailed explanation}, preserve=true aResultDetail=0
00:02:43.341555 nspr-8   WARNING [COM]: aRC=NS_ERROR_FAILURE (0x80004005) aIID={e54f6256-97a7-4947-8a78-10c013ddf4b8} aComponent={HostWrap} aText={VirtualBox is not currently allowed to access USB devices.  You can change this by adding your user to the 'vboxusers' group.  Please see the user manual for a more detailed explanation}, preserve=true aResultDetail=0
00:02:43.471588 nspr-8   Saving settings file "/home/negrojose/.config/VirtualBox/VirtualBox.xml" with version "1.12-linux"
00:02:43.482337 nspr-8   Finished saving settings file "/home/negrojose/.config/VirtualBox/VirtualBox.xml"
00:02:44.049113 nspr-5   WARNING [COM]: aRC=NS_ERROR_FAILURE (0x80004005) aIID={e54f6256-97a7-4947-8a78-10c013ddf4b8} aComponent={HostWrap} aText={VirtualBox is not currently allowed to access USB devices.  You can change this by adding your user to the 'vboxusers' group.  Please see the user manual for a more detailed explanation}, preserve=true aResultDetail=0
00:02:44.050369 nspr-4   WARNING [COM]: aRC=NS_ERROR_FAILURE (0x80004005) aIID={e54f6256-97a7-4947-8a78-10c013ddf4b8} aComponent={HostWrap} aText={VirtualBox is not currently allowed to access USB devices.  You can change this by adding your user to the 'vboxusers' group.  Please see the user manual for a more detailed explanation}, preserve=true aResultDetail=0
00:02:44.050835 nspr-5   ERROR [COM]: aRC=VBOX_E_OBJECT_NOT_FOUND (0x80bb0001) aIID={70401eef-c8e9-466b-9660-45cb3e9979e4} aComponent={ExtPackManagerWrap} aText={No extension pack by the name 'Oracle VM VirtualBox Extension Pack' was found}, preserve=false aResultDetail=0
00:02:44.114539 nspr-4   WARNING [COM]: aRC=NS_ERROR_FAILURE (0x80004005) aIID={e54f6256-97a7-4947-8a78-10c013ddf4b8} aComponent={HostWrap} aText={VirtualBox is not currently allowed to access USB devices.  You can change this by adding your user to the 'vboxusers' group.  Please see the user manual for a more detailed explanation}, preserve=true aResultDetail=0
00:02:44.115479 nspr-5   WARNING [COM]: aRC=NS_ERROR_FAILURE (0x80004005) aIID={e54f6256-97a7-4947-8a78-10c013ddf4b8} aComponent={HostWrap} aText={VirtualBox is not currently allowed to access USB devices.  You can change this by adding your user to the 'vboxusers' group.  Please see the user manual for a more detailed explanation}, preserve=true aResultDetail=0
00:02:44.141514 nspr-4   ERROR [COM]: aRC=VBOX_E_IPRT_ERROR (0x80bb0005) aIID={300763af-5d6b-46e6-aa96-273eac15538a} aComponent={SessionMachine} aText={Saved screenshot data is not available (VERR_NOT_SUPPORTED)}, preserve=false aResultDetail=-37
00:02:44.178771 nspr-5   NetIfAdpCtlOut: VBoxNetAdpCtl: Error while retrieving link speed for wlp1s0: VBoxNetAdpCtl: ioctl failed: Operation not supported
00:02:44.183863 nspr-5   WARNING [COM]: aRC=NS_ERROR_FAILURE (0x80004005) aIID={e54f6256-97a7-4947-8a78-10c013ddf4b8} aComponent={HostWrap} aText={VirtualBox is not currently allowed to access USB devices.  You can change this by adding your user to the 'vboxusers' group.  Please see the user manual for a more detailed explanation}, preserve=false aResultDetail=0
00:02:44.184810 nspr-4   WARNING [COM]: aRC=NS_ERROR_FAILURE (0x80004005) aIID={e54f6256-97a7-4947-8a78-10c013ddf4b8} aComponent={HostWrap} aText={VirtualBox is not currently allowed to access USB devices.  You can change this by adding your user to the 'vboxusers' group.  Please see the user manual for a more detailed explanation}, preserve=true aResultDetail=0
00:02:44.185042 nspr-5   WARNING [COM]: aRC=NS_ERROR_FAILURE (0x80004005) aIID={e54f6256-97a7-4947-8a78-10c013ddf4b8} aComponent={HostWrap} aText={VirtualBox is not currently allowed to access USB devices.  You can change this by adding your user to the 'vboxusers' group.  Please see the user manual for a more detailed explanation}, preserve=true aResultDetail=0
00:02:44.229182 nspr-3   WARNING [COM]: aRC=NS_ERROR_FAILURE (0x80004005) aIID={e54f6256-97a7-4947-8a78-10c013ddf4b8} aComponent={HostWrap} aText={VirtualBox is not currently allowed to access USB devices.  You can change this by adding your user to the 'vboxusers' group.  Please see the user manual for a more detailed explanation}, preserve=true aResultDetail=0
00:02:44.271492 nspr-3   WARNING [COM]: aRC=NS_ERROR_FAILURE (0x80004005) aIID={e54f6256-97a7-4947-8a78-10c013ddf4b8} aComponent={HostWrap} aText={VirtualBox is not currently allowed to access USB devices.  You can change this by adding your user to the 'vboxusers' group.  Please see the user manual for a more detailed explanation}, preserve=true aResultDetail=0
00:02:44.325433 nspr-6   ERROR [COM]: aRC=VBOX_E_INVALID_VM_STATE (0x80bb0002) aIID={300763af-5d6b-46e6-aa96-273eac15538a} aComponent={MachineWrap} aText={The machine is not mutable (state is Starting)}, preserve=false aResultDetail=0
00:02:44.393683 nspr-3   WARNING [COM]: aRC=NS_ERROR_FAILURE (0x80004005) aIID={e54f6256-97a7-4947-8a78-10c013ddf4b8} aComponent={HostWrap} aText={VirtualBox is not currently allowed to access USB devices.  You can change this by adding your user to the 'vboxusers' group.  Please see the user manual for a more detailed explanation}, preserve=true aResultDetail=0
00:02:44.396223 nspr-3   WARNING [COM]: aRC=NS_ERROR_FAILURE (0x80004005) aIID={e54f6256-97a7-4947-8a78-10c013ddf4b8} aComponent={HostWrap} aText={VirtualBox is not currently allowed to access USB devices.  You can change this by adding your user to the 'vboxusers' group.  Please see the user manual for a more detailed explanation}, preserve=true aResultDetail=0
00:02:44.535554 nspr-3   ERROR [COM]: aRC=VBOX_E_OBJECT_NOT_FOUND (0x80bb0001) aIID={ad47ad09-787b-44ab-b343-a082a3f2dfb1} aComponent={MediumWrap} aText={Property 'CRYPT/KeyId' does not exist}, preserve=false aResultDetail=0
00:02:44.537124 nspr-3   ERROR [COM]: aRC=VBOX_E_OBJECT_NOT_FOUND (0x80bb0001) aIID={ad47ad09-787b-44ab-b343-a082a3f2dfb1} aComponent={MediumWrap} aText={Property 'CRYPT/KeyId' does not exist}, preserve=false aResultDetail=0
00:02:44.633878 nspr-3   WARNING [COM]: aRC=NS_ERROR_FAILURE (0x80004005) aIID={e54f6256-97a7-4947-8a78-10c013ddf4b8} aComponent={HostWrap} aText={VirtualBox is not currently allowed to access USB devices.  You can change this by adding your user to the 'vboxusers' group.  Please see the user manual for a more detailed explanation}, preserve=true aResultDetail=0
00:02:44.676420 nspr-5   Saving settings file "/home/negrojose/VirtualBox VMs/nixOS/nixOS.vbox" with version "1.19-linux"
00:02:44.689774 nspr-5   Finished saving settings file "/home/negrojose/VirtualBox VMs/nixOS/nixOS.vbox"
00:02:44.700925 nspr-7   ERROR [COM]: aRC=VBOX_E_INVALID_VM_STATE (0x80bb0002) aIID={300763af-5d6b-46e6-aa96-273eac15538a} aComponent={MachineWrap} aText={The machine is not mutable (state is Running)}, preserve=false aResultDetail=0
00:02:44.737345 nspr-2   ERROR [COM]: aRC=VBOX_E_INVALID_VM_STATE (0x80bb0002) aIID={300763af-5d6b-46e6-aa96-273eac15538a} aComponent={MachineWrap} aText={The machine is not mutable (state is Running)}, preserve=false aResultDetail=0
00:02:44.783062 nspr-4   WARNING [COM]: aRC=NS_ERROR_FAILURE (0x80004005) aIID={e54f6256-97a7-4947-8a78-10c013ddf4b8} aComponent={HostWrap} aText={VirtualBox is not currently allowed to access USB devices.  You can change this by adding your user to the 'vboxusers' group.  Please see the user manual for a more detailed explanation}, preserve=true aResultDetail=0
00:02:44.784682 nspr-6   WARNING [COM]: aRC=NS_ERROR_FAILURE (0x80004005) aIID={e54f6256-97a7-4947-8a78-10c013ddf4b8} aComponent={HostWrap} aText={VirtualBox is not currently allowed to access USB devices.  You can change this by adding your user to the 'vboxusers' group.  Please see the user manual for a more detailed explanation}, preserve=true aResultDetail=0
00:03:14.970842 nspr-3   ERROR [COM]: aRC=VBOX_E_IPRT_ERROR (0x80bb0005) aIID={300763af-5d6b-46e6-aa96-273eac15538a} aComponent={SessionMachine} aText={Saved screenshot data is not available (VERR_NOT_SUPPORTED)}, preserve=false aResultDetail=-37
00:03:14.991458 nspr-5   Saving settings file "/home/negrojose/VirtualBox VMs/nixOS/nixOS.vbox" with version "1.19-linux"
00:03:15.005469 nspr-5   Finished saving settings file "/home/negrojose/VirtualBox VMs/nixOS/nixOS.vbox"
00:03:15.223065 nspr-8   ERROR [COM]: aRC=VBOX_E_INVALID_VM_STATE (0x80bb0002) aIID={300763af-5d6b-46e6-aa96-273eac15538a} aComponent={MachineWrap} aText={The machine is not mutable (state is Running)}, preserve=false aResultDetail=0
00:03:15.309631 nspr-2   WARNING [COM]: aRC=NS_ERROR_FAILURE (0x80004005) aIID={e54f6256-97a7-4947-8a78-10c013ddf4b8} aComponent={HostWrap} aText={VirtualBox is not currently allowed to access USB devices.  You can change this by adding your user to the 'vboxusers' group.  Please see the user manual for a more detailed explanation}, preserve=true aResultDetail=0
00:03:15.315667 nspr-3   WARNING [COM]: aRC=NS_ERROR_FAILURE (0x80004005) aIID={e54f6256-97a7-4947-8a78-10c013ddf4b8} aComponent={HostWrap} aText={VirtualBox is not currently allowed to access USB devices.  You can change this by adding your user to the 'vboxusers' group.  Please see the user manual for a more detailed explanation}, preserve=true aResultDetail=0
00:10:54.340675 nspr-3   WARNING [COM]: aRC=NS_ERROR_FAILURE (0x80004005) aIID={e54f6256-97a7-4947-8a78-10c013ddf4b8} aComponent={HostWrap} aText={VirtualBox is not currently allowed to access USB devices.  You can change this by adding your user to the 'vboxusers' group.  Please see the user manual for a more detailed explanation}, preserve=true aResultDetail=0
00:10:54.372963 nspr-6   ERROR [COM]: aRC=VBOX_E_INVALID_VM_STATE (0x80bb0002) aIID={300763af-5d6b-46e6-aa96-273eac15538a} aComponent={MachineWrap} aText={The machine is not mutable (state is Paused)}, preserve=false aResultDetail=0
00:10:54.416984 nspr-7   WARNING [COM]: aRC=NS_ERROR_FAILURE (0x80004005) aIID={e54f6256-97a7-4947-8a78-10c013ddf4b8} aComponent={HostWrap} aText={VirtualBox is not currently allowed to access USB devices.  You can change this by adding your user to the 'vboxusers' group.  Please see the user manual for a more detailed explanation}, preserve=true aResultDetail=0
00:10:54.418245 nspr-4   WARNING [COM]: aRC=NS_ERROR_FAILURE (0x80004005) aIID={e54f6256-97a7-4947-8a78-10c013ddf4b8} aComponent={HostWrap} aText={VirtualBox is not currently allowed to access USB devices.  You can change this by adding your user to the 'vboxusers' group.  Please see the user manual for a more detailed explanation}, preserve=true aResultDetail=0
00:10:58.231562 nspr-4   Saving settings file "/home/negrojose/VirtualBox VMs/nixOS/nixOS.vbox" with version "1.19-linux"
00:10:58.239451 nspr-4   Finished saving settings file "/home/negrojose/VirtualBox VMs/nixOS/nixOS.vbox"
00:10:58.297156 nspr-2   WARNING [COM]: aRC=NS_ERROR_FAILURE (0x80004005) aIID={e54f6256-97a7-4947-8a78-10c013ddf4b8} aComponent={HostWrap} aText={VirtualBox is not currently allowed to access USB devices.  You can change this by adding your user to the 'vboxusers' group.  Please see the user manual for a more detailed explanation}, preserve=true aResultDetail=0
00:10:58.316815 nspr-6   ERROR [COM]: aRC=VBOX_E_INVALID_VM_STATE (0x80bb0002) aIID={300763af-5d6b-46e6-aa96-273eac15538a} aComponent={MachineWrap} aText={The machine is not mutable (state is Stopping)}, preserve=false aResultDetail=0
00:10:58.336337 nspr-2   Saving settings file "/home/negrojose/VirtualBox VMs/nixOS/nixOS.vbox" with version "1.19-linux"
00:10:58.342777 nspr-2   Finished saving settings file "/home/negrojose/VirtualBox VMs/nixOS/nixOS.vbox"
00:10:58.348710 nspr-8   WARNING [COM]: aRC=NS_ERROR_FAILURE (0x80004005) aIID={e54f6256-97a7-4947-8a78-10c013ddf4b8} aComponent={HostWrap} aText={VirtualBox is not currently allowed to access USB devices.  You can change this by adding your user to the 'vboxusers' group.  Please see the user manual for a more detailed explanation}, preserve=true aResultDetail=0
00:10:58.380304 nspr-6   ERROR [COM]: aRC=VBOX_E_INVALID_VM_STATE (0x80bb0002) aIID={300763af-5d6b-46e6-aa96-273eac15538a} aComponent={MachineWrap} aText={The machine is not mutable (state is PoweredOff)}, preserve=false aResultDetail=0
00:10:58.404732 nspr-6   WARNING [COM]: aRC=NS_ERROR_FAILURE (0x80004005) aIID={e54f6256-97a7-4947-8a78-10c013ddf4b8} aComponent={HostWrap} aText={VirtualBox is not currently allowed to access USB devices.  You can change this by adding your user to the 'vboxusers' group.  Please see the user manual for a more detailed explanation}, preserve=true aResultDetail=0
00:10:58.405755 nspr-6   WARNING [COM]: aRC=NS_ERROR_FAILURE (0x80004005) aIID={e54f6256-97a7-4947-8a78-10c013ddf4b8} aComponent={HostWrap} aText={VirtualBox is not currently allowed to access USB devices.  You can change this by adding your user to the 'vboxusers' group.  Please see the user manual for a more detailed explanation}, preserve=true aResultDetail=0
00:10:59.438957 nspr-10  ERROR [COM]: aRC=VBOX_E_INVALID_VM_STATE (0x80bb0002) aIID={300763af-5d6b-46e6-aa96-273eac15538a} aComponent={MachineWrap} aText={The machine is not mutable (state is PoweredOff)}, preserve=false aResultDetail=0
00:10:59.470346 nspr-6   WARNING [COM]: aRC=NS_ERROR_FAILURE (0x80004005) aIID={e54f6256-97a7-4947-8a78-10c013ddf4b8} aComponent={HostWrap} aText={VirtualBox is not currently allowed to access USB devices.  You can change this by adding your user to the 'vboxusers' group.  Please see the user manual for a more detailed explanation}, preserve=true aResultDetail=0
00:10:59.471437 nspr-3   WARNING [COM]: aRC=NS_ERROR_FAILURE (0x80004005) aIID={e54f6256-97a7-4947-8a78-10c013ddf4b8} aComponent={HostWrap} aText={VirtualBox is not currently allowed to access USB devices.  You can change this by adding your user to the 'vboxusers' group.  Please see the user manual for a more detailed explanation}, preserve=true aResultDetail=0
00:11:04.976892 nspr-2   Saving settings file "/home/negrojose/.config/VirtualBox/VirtualBox.xml" with version "1.12-linux"
00:11:04.987382 nspr-2   Finished saving settings file "/home/negrojose/.config/VirtualBox/VirtualBox.xml"
00:11:28.556613 nspr-8   Saving settings file "/home/negrojose/.config/VirtualBox/VirtualBox.xml" with version "1.12-linux"
00:11:28.569643 nspr-8   Finished saving settings file "/home/negrojose/.config/VirtualBox/VirtualBox.xml"
00:11:28.569848 nspr-8   Saving settings file "/home/negrojose/.config/VirtualBox/VirtualBox.xml" with version "1.12-linux"
00:11:28.577804 nspr-8   Finished saving settings file "/home/negrojose/.config/VirtualBox/VirtualBox.xml"
00:11:28.591915 DeleteVM Saving settings file "/home/negrojose/.config/VirtualBox/VirtualBox.xml" with version "1.12-linux"
00:11:28.603807 DeleteVM Finished saving settings file "/home/negrojose/.config/VirtualBox/VirtualBox.xml"
00:11:28.609387 nspr-9   Saving settings file "/home/negrojose/.config/VirtualBox/VirtualBox.xml" with version "1.12-linux"
00:11:28.621124 nspr-9   Finished saving settings file "/home/negrojose/.config/VirtualBox/VirtualBox.xml"
00:11:28.634881 nspr-7   ERROR [COM]: aRC=VBOX_E_OBJECT_NOT_FOUND (0x80bb0001) aIID={7682d5eb-f00e-44f1-8ca2-99d08b1cd607} aComponent={VirtualBoxWrap} aText={Could not find a registered machine with UUID {5be58f4a-52b9-48ea-878b-478060c7524b}}, preserve=false aResultDetail=0
00:11:28.651262 nspr-7   ERROR [COM]: aRC=VBOX_E_OBJECT_NOT_FOUND (0x80bb0001) aIID={7682d5eb-f00e-44f1-8ca2-99d08b1cd607} aComponent={VirtualBoxWrap} aText={Could not find a registered machine with UUID {5be58f4a-52b9-48ea-878b-478060c7524b}}, preserve=false aResultDetail=0
00:14:01.832842 nspr-6   Import settings with version "1.19-linux"
00:14:01.832940 nspr-6   ERROR [COM]: aRC=VBOX_E_OBJECT_NOT_FOUND (0x80bb0001) aIID={7682d5eb-f00e-44f1-8ca2-99d08b1cd607} aComponent={VirtualBoxWrap} aText={Could not find a registered machine named 'NixOS 24.05.3690.21cc704b5e91 (x86_64-linux)'}, preserve=false aResultDetail=0
00:14:01.833072 nspr-6   ERROR [COM]: aRC=VBOX_E_FILE_ERROR (0x80bb0004) aIID={ad47ad09-787b-44ab-b343-a082a3f2dfb1} aComponent={MediumWrap} aText={Could not find file for the medium '/home/negrojose/VirtualBox VMs/NixOS 24.05.3690.21cc704b5e91 (x86_64-linux)/nixos-24.05.3690.21cc704b5e91-x86_64-linux-disk001.vmdk' (VERR_FILE_NOT_FOUND)}, preserve=false aResultDetail=-102
00:14:54.939356 createImport Saving settings file "/home/negrojose/.config/VirtualBox/VirtualBox.xml" with version "1.12-linux"
00:14:54.945233 createImport Finished saving settings file "/home/negrojose/.config/VirtualBox/VirtualBox.xml"
00:14:54.945999 ApplImp  Saving settings file "/home/negrojose/VirtualBox VMs/NixOS 24.05.3690.21cc704b5e91 (x86_64-linux)/NixOS 24.05.3690.21cc704b5e91 (x86_64-linux).vbox" with version "1.19-linux"
00:14:54.952878 ApplImp  Finished saving settings file "/home/negrojose/VirtualBox VMs/NixOS 24.05.3690.21cc704b5e91 (x86_64-linux)/NixOS 24.05.3690.21cc704b5e91 (x86_64-linux).vbox"
00:14:54.952963 ApplImp  Saving settings file "/home/negrojose/.config/VirtualBox/VirtualBox.xml" with version "1.12-linux"
00:14:54.956688 ApplImp  Finished saving settings file "/home/negrojose/.config/VirtualBox/VirtualBox.xml"
00:14:54.974117 nspr-3   Saving settings file "/home/negrojose/.config/VirtualBox/VirtualBox.xml" with version "1.12-linux"
00:14:54.977639 nspr-3   Finished saving settings file "/home/negrojose/.config/VirtualBox/VirtualBox.xml"
00:14:55.335919 nspr-6   WARNING [COM]: aRC=NS_ERROR_FAILURE (0x80004005) aIID={e54f6256-97a7-4947-8a78-10c013ddf4b8} aComponent={HostWrap} aText={VirtualBox is not currently allowed to access USB devices.  You can change this by adding your user to the 'vboxusers' group.  Please see the user manual for a more detailed explanation}, preserve=true aResultDetail=0
00:14:55.364657 nspr-3   ERROR [COM]: aRC=VBOX_E_INVALID_VM_STATE (0x80bb0002) aIID={300763af-5d6b-46e6-aa96-273eac15538a} aComponent={MachineWrap} aText={The machine is not mutable (state is PoweredOff)}, preserve=false aResultDetail=0
00:14:55.510076 nspr-8   ERROR [COM]: aRC=VBOX_E_INVALID_VM_STATE (0x80bb0002) aIID={300763af-5d6b-46e6-aa96-273eac15538a} aComponent={MachineWrap} aText={The machine is not mutable (state is PoweredOff)}, preserve=false aResultDetail=0
00:14:55.555001 nspr-5   WARNING [COM]: aRC=NS_ERROR_FAILURE (0x80004005) aIID={e54f6256-97a7-4947-8a78-10c013ddf4b8} aComponent={HostWrap} aText={VirtualBox is not currently allowed to access USB devices.  You can change this by adding your user to the 'vboxusers' group.  Please see the user manual for a more detailed explanation}, preserve=true aResultDetail=0
00:14:55.558379 nspr-8   WARNING [COM]: aRC=NS_ERROR_FAILURE (0x80004005) aIID={e54f6256-97a7-4947-8a78-10c013ddf4b8} aComponent={HostWrap} aText={VirtualBox is not currently allowed to access USB devices.  You can change this by adding your user to the 'vboxusers' group.  Please see the user manual for a more detailed explanation}, preserve=true aResultDetail=0
00:14:58.384580 nspr-7   WARNING [COM]: aRC=NS_ERROR_FAILURE (0x80004005) aIID={e54f6256-97a7-4947-8a78-10c013ddf4b8} aComponent={HostWrap} aText={VirtualBox is not currently allowed to access USB devices.  You can change this by adding your user to the 'vboxusers' group.  Please see the user manual for a more detailed explanation}, preserve=true aResultDetail=0
00:14:58.987233 nspr-3   ERROR [COM]: aRC=VBOX_E_OBJECT_NOT_FOUND (0x80bb0001) aIID={5bfd8965-b81b-469f-8649-f717ce97a5d5} aComponent={NvramStoreWrap} aText={The UEFI NVRAM file is not existing for this machine.}, preserve=false aResultDetail=0
00:14:59.008082 nspr-7   NetIfAdpCtlOut: VBoxNetAdpCtl: Error while retrieving link speed for wlp1s0: VBoxNetAdpCtl: ioctl failed: Operation not supported
00:14:59.021831 nspr-5   NetIfAdpCtlOut: VBoxNetAdpCtl: Error while retrieving link speed for wlp1s0: VBoxNetAdpCtl: ioctl failed: Operation not supported
00:14:59.049707 nspr-8   WARNING [COM]: aRC=NS_ERROR_FAILURE (0x80004005) aIID={e54f6256-97a7-4947-8a78-10c013ddf4b8} aComponent={HostWrap} aText={VirtualBox is not currently allowed to access USB devices.  You can change this by adding your user to the 'vboxusers' group.  Please see the user manual for a more detailed explanation}, preserve=true aResultDetail=0
00:14:59.050304 nspr-9   WARNING [COM]: aRC=NS_ERROR_FAILURE (0x80004005) aIID={e54f6256-97a7-4947-8a78-10c013ddf4b8} aComponent={HostWrap} aText={VirtualBox is not currently allowed to access USB devices.  You can change this by adding your user to the 'vboxusers' group.  Please see the user manual for a more detailed explanation}, preserve=true aResultDetail=0
00:14:59.322280 nspr-7   ERROR [COM]: aRC=VBOX_E_INVALID_VM_STATE (0x80bb0002) aIID={300763af-5d6b-46e6-aa96-273eac15538a} aComponent={MachineWrap} aText={The machine is not mutable (state is PoweredOff)}, preserve=false aResultDetail=0
00:14:59.342521 nspr-9   WARNING [COM]: aRC=NS_ERROR_FAILURE (0x80004005) aIID={e54f6256-97a7-4947-8a78-10c013ddf4b8} aComponent={HostWrap} aText={VirtualBox is not currently allowed to access USB devices.  You can change this by adding your user to the 'vboxusers' group.  Please see the user manual for a more detailed explanation}, preserve=true aResultDetail=0
00:14:59.345429 nspr-7   WARNING [COM]: aRC=NS_ERROR_FAILURE (0x80004005) aIID={e54f6256-97a7-4947-8a78-10c013ddf4b8} aComponent={HostWrap} aText={VirtualBox is not currently allowed to access USB devices.  You can change this by adding your user to the 'vboxusers' group.  Please see the user manual for a more detailed explanation}, preserve=true aResultDetail=0
00:14:59.555444 nspr-8   Saving settings file "/home/negrojose/.config/VirtualBox/VirtualBox.xml" with version "1.12-linux"
00:14:59.563486 nspr-8   Finished saving settings file "/home/negrojose/.config/VirtualBox/VirtualBox.xml"
00:15:18.889155 nspr-10  Saving settings file "/home/negrojose/.config/VirtualBox/VirtualBox.xml" with version "1.12-linux"
00:15:18.901428 nspr-10  Finished saving settings file "/home/negrojose/.config/VirtualBox/VirtualBox.xml"
00:15:21.730543 nspr-2   Launched VM: 2752191424 pid: 2665 (0xa69) frontend: GUI/Qt name: NixOS 24.05.3690.21cc704b5e91 (x86_64-linux)
00:15:21.772693 nspr-3   ERROR [COM]: aRC=VBOX_E_INVALID_VM_STATE (0x80bb0002) aIID={300763af-5d6b-46e6-aa96-273eac15538a} aComponent={MachineWrap} aText={The machine is not mutable (state is PoweredOff)}, preserve=false aResultDetail=0
00:15:21.808284 nspr-4   WARNING [COM]: aRC=NS_ERROR_FAILURE (0x80004005) aIID={e54f6256-97a7-4947-8a78-10c013ddf4b8} aComponent={HostWrap} aText={VirtualBox is not currently allowed to access USB devices.  You can change this by adding your user to the 'vboxusers' group.  Please see the user manual for a more detailed explanation}, preserve=true aResultDetail=0
00:15:21.810280 nspr-8   WARNING [COM]: aRC=NS_ERROR_FAILURE (0x80004005) aIID={e54f6256-97a7-4947-8a78-10c013ddf4b8} aComponent={HostWrap} aText={VirtualBox is not currently allowed to access USB devices.  You can change this by adding your user to the 'vboxusers' group.  Please see the user manual for a more detailed explanation}, preserve=true aResultDetail=0
00:15:22.162908 nspr-7   ERROR [COM]: aRC=VBOX_E_INVALID_VM_STATE (0x80bb0002) aIID={300763af-5d6b-46e6-aa96-273eac15538a} aComponent={MachineWrap} aText={The machine is not mutable (state is PoweredOff)}, preserve=false aResultDetail=0
00:15:22.200410 nspr-5   WARNING [COM]: aRC=NS_ERROR_FAILURE (0x80004005) aIID={e54f6256-97a7-4947-8a78-10c013ddf4b8} aComponent={HostWrap} aText={VirtualBox is not currently allowed to access USB devices.  You can change this by adding your user to the 'vboxusers' group.  Please see the user manual for a more detailed explanation}, preserve=true aResultDetail=0
00:15:22.202129 nspr-7   WARNING [COM]: aRC=NS_ERROR_FAILURE (0x80004005) aIID={e54f6256-97a7-4947-8a78-10c013ddf4b8} aComponent={HostWrap} aText={VirtualBox is not currently allowed to access USB devices.  You can change this by adding your user to the 'vboxusers' group.  Please see the user manual for a more detailed explanation}, preserve=true aResultDetail=0
00:15:22.360619 nspr-7   Saving settings file "/home/negrojose/.config/VirtualBox/VirtualBox.xml" with version "1.12-linux"
00:15:22.368146 nspr-7   Finished saving settings file "/home/negrojose/.config/VirtualBox/VirtualBox.xml"
00:15:22.918461 nspr-8   WARNING [COM]: aRC=NS_ERROR_FAILURE (0x80004005) aIID={e54f6256-97a7-4947-8a78-10c013ddf4b8} aComponent={HostWrap} aText={VirtualBox is not currently allowed to access USB devices.  You can change this by adding your user to the 'vboxusers' group.  Please see the user manual for a more detailed explanation}, preserve=true aResultDetail=0
00:15:22.919728 nspr-6   WARNING [COM]: aRC=NS_ERROR_FAILURE (0x80004005) aIID={e54f6256-97a7-4947-8a78-10c013ddf4b8} aComponent={HostWrap} aText={VirtualBox is not currently allowed to access USB devices.  You can change this by adding your user to the 'vboxusers' group.  Please see the user manual for a more detailed explanation}, preserve=true aResultDetail=0
00:15:22.920104 nspr-9   ERROR [COM]: aRC=VBOX_E_OBJECT_NOT_FOUND (0x80bb0001) aIID={70401eef-c8e9-466b-9660-45cb3e9979e4} aComponent={ExtPackManagerWrap} aText={No extension pack by the name 'Oracle VM VirtualBox Extension Pack' was found}, preserve=false aResultDetail=0
00:15:22.970673 nspr-8   WARNING [COM]: aRC=NS_ERROR_FAILURE (0x80004005) aIID={e54f6256-97a7-4947-8a78-10c013ddf4b8} aComponent={HostWrap} aText={VirtualBox is not currently allowed to access USB devices.  You can change this by adding your user to the 'vboxusers' group.  Please see the user manual for a more detailed explanation}, preserve=true aResultDetail=0
00:15:22.971840 nspr-6   WARNING [COM]: aRC=NS_ERROR_FAILURE (0x80004005) aIID={e54f6256-97a7-4947-8a78-10c013ddf4b8} aComponent={HostWrap} aText={VirtualBox is not currently allowed to access USB devices.  You can change this by adding your user to the 'vboxusers' group.  Please see the user manual for a more detailed explanation}, preserve=true aResultDetail=0
00:15:22.995679 nspr-8   ERROR [COM]: aRC=VBOX_E_IPRT_ERROR (0x80bb0005) aIID={300763af-5d6b-46e6-aa96-273eac15538a} aComponent={SessionMachine} aText={Saved screenshot data is not available (VERR_NOT_SUPPORTED)}, preserve=false aResultDetail=-37
00:15:23.036469 nspr-8   NetIfAdpCtlOut: VBoxNetAdpCtl: Error while retrieving link speed for wlp1s0: VBoxNetAdpCtl: ioctl failed: Operation not supported
00:15:23.043156 nspr-8   WARNING [COM]: aRC=NS_ERROR_FAILURE (0x80004005) aIID={e54f6256-97a7-4947-8a78-10c013ddf4b8} aComponent={HostWrap} aText={VirtualBox is not currently allowed to access USB devices.  You can change this by adding your user to the 'vboxusers' group.  Please see the user manual for a more detailed explanation}, preserve=false aResultDetail=0
00:15:23.044588 nspr-9   WARNING [COM]: aRC=NS_ERROR_FAILURE (0x80004005) aIID={e54f6256-97a7-4947-8a78-10c013ddf4b8} aComponent={HostWrap} aText={VirtualBox is not currently allowed to access USB devices.  You can change this by adding your user to the 'vboxusers' group.  Please see the user manual for a more detailed explanation}, preserve=true aResultDetail=0
00:15:23.044899 nspr-8   WARNING [COM]: aRC=NS_ERROR_FAILURE (0x80004005) aIID={e54f6256-97a7-4947-8a78-10c013ddf4b8} aComponent={HostWrap} aText={VirtualBox is not currently allowed to access USB devices.  You can change this by adding your user to the 'vboxusers' group.  Please see the user manual for a more detailed explanation}, preserve=true aResultDetail=0
00:15:23.098482 nspr-9   WARNING [COM]: aRC=NS_ERROR_FAILURE (0x80004005) aIID={e54f6256-97a7-4947-8a78-10c013ddf4b8} aComponent={HostWrap} aText={VirtualBox is not currently allowed to access USB devices.  You can change this by adding your user to the 'vboxusers' group.  Please see the user manual for a more detailed explanation}, preserve=true aResultDetail=0
00:15:23.114107 nspr-8   WARNING [COM]: aRC=NS_ERROR_FAILURE (0x80004005) aIID={e54f6256-97a7-4947-8a78-10c013ddf4b8} aComponent={HostWrap} aText={VirtualBox is not currently allowed to access USB devices.  You can change this by adding your user to the 'vboxusers' group.  Please see the user manual for a more detailed explanation}, preserve=true aResultDetail=0
00:15:23.147383 nspr-9   ERROR [COM]: aRC=VBOX_E_INVALID_VM_STATE (0x80bb0002) aIID={300763af-5d6b-46e6-aa96-273eac15538a} aComponent={MachineWrap} aText={The machine is not mutable (state is Starting)}, preserve=false aResultDetail=0
00:15:23.224857 nspr-9   WARNING [COM]: aRC=NS_ERROR_FAILURE (0x80004005) aIID={e54f6256-97a7-4947-8a78-10c013ddf4b8} aComponent={HostWrap} aText={VirtualBox is not currently allowed to access USB devices.  You can change this by adding your user to the 'vboxusers' group.  Please see the user manual for a more detailed explanation}, preserve=true aResultDetail=0
00:15:23.229850 nspr-8   WARNING [COM]: aRC=NS_ERROR_FAILURE (0x80004005) aIID={e54f6256-97a7-4947-8a78-10c013ddf4b8} aComponent={HostWrap} aText={VirtualBox is not currently allowed to access USB devices.  You can change this by adding your user to the 'vboxusers' group.  Please see the user manual for a more detailed explanation}, preserve=true aResultDetail=0
00:15:23.361173 nspr-10  ERROR [COM]: aRC=VBOX_E_OBJECT_NOT_FOUND (0x80bb0001) aIID={ad47ad09-787b-44ab-b343-a082a3f2dfb1} aComponent={MediumWrap} aText={Property 'CRYPT/KeyId' does not exist}, preserve=false aResultDetail=0
00:15:23.441601 nspr-8   WARNING [COM]: aRC=NS_ERROR_FAILURE (0x80004005) aIID={e54f6256-97a7-4947-8a78-10c013ddf4b8} aComponent={HostWrap} aText={VirtualBox is not currently allowed to access USB devices.  You can change this by adding your user to the 'vboxusers' group.  Please see the user manual for a more detailed explanation}, preserve=true aResultDetail=0
00:15:23.462044 nspr-2   ERROR [COM]: aRC=VBOX_E_INVALID_VM_STATE (0x80bb0002) aIID={300763af-5d6b-46e6-aa96-273eac15538a} aComponent={MachineWrap} aText={The machine is not mutable (state is Running)}, preserve=false aResultDetail=0
00:15:23.509957 nspr-6   WARNING [COM]: aRC=NS_ERROR_FAILURE (0x80004005) aIID={e54f6256-97a7-4947-8a78-10c013ddf4b8} aComponent={HostWrap} aText={VirtualBox is not currently allowed to access USB devices.  You can change this by adding your user to the 'vboxusers' group.  Please see the user manual for a more detailed explanation}, preserve=true aResultDetail=0
00:15:23.513525 nspr-6   WARNING [COM]: aRC=NS_ERROR_FAILURE (0x80004005) aIID={e54f6256-97a7-4947-8a78-10c013ddf4b8} aComponent={HostWrap} aText={VirtualBox is not currently allowed to access USB devices.  You can change this by adding your user to the 'vboxusers' group.  Please see the user manual for a more detailed explanation}, preserve=true aResultDetail=0
00:15:23.561652 nspr-2   Saving settings file "/home/negrojose/VirtualBox VMs/NixOS 24.05.3690.21cc704b5e91 (x86_64-linux)/NixOS 24.05.3690.21cc704b5e91 (x86_64-linux).vbox" with version "1.19-linux"
00:15:23.568588 nspr-2   Finished saving settings file "/home/negrojose/VirtualBox VMs/NixOS 24.05.3690.21cc704b5e91 (x86_64-linux)/NixOS 24.05.3690.21cc704b5e91 (x86_64-linux).vbox"
00:15:23.598292 nspr-9   ERROR [COM]: aRC=VBOX_E_INVALID_VM_STATE (0x80bb0002) aIID={300763af-5d6b-46e6-aa96-273eac15538a} aComponent={MachineWrap} aText={The machine is not mutable (state is Running)}, preserve=false aResultDetail=0
00:15:23.626481 nspr-9   WARNING [COM]: aRC=NS_ERROR_FAILURE (0x80004005) aIID={e54f6256-97a7-4947-8a78-10c013ddf4b8} aComponent={HostWrap} aText={VirtualBox is not currently allowed to access USB devices.  You can change this by adding your user to the 'vboxusers' group.  Please see the user manual for a more detailed explanation}, preserve=true aResultDetail=0
00:15:23.629145 nspr-9   WARNING [COM]: aRC=NS_ERROR_FAILURE (0x80004005) aIID={e54f6256-97a7-4947-8a78-10c013ddf4b8} aComponent={HostWrap} aText={VirtualBox is not currently allowed to access USB devices.  You can change this by adding your user to the 'vboxusers' group.  Please see the user manual for a more detailed explanation}, preserve=true aResultDetail=0
00:15:29.570778 nspr-3   Saving settings file "/home/negrojose/VirtualBox VMs/NixOS 24.05.3690.21cc704b5e91 (x86_64-linux)/NixOS 24.05.3690.21cc704b5e91 (x86_64-linux).vbox" with version "1.19-linux"
00:15:29.577596 nspr-3   Finished saving settings file "/home/negrojose/VirtualBox VMs/NixOS 24.05.3690.21cc704b5e91 (x86_64-linux)/NixOS 24.05.3690.21cc704b5e91 (x86_64-linux).vbox"
00:15:29.602862 nspr-7   ERROR [COM]: aRC=VBOX_E_INVALID_VM_STATE (0x80bb0002) aIID={300763af-5d6b-46e6-aa96-273eac15538a} aComponent={MachineWrap} aText={The machine is not mutable (state is Running)}, preserve=false aResultDetail=0
00:15:29.639047 nspr-9   WARNING [COM]: aRC=NS_ERROR_FAILURE (0x80004005) aIID={e54f6256-97a7-4947-8a78-10c013ddf4b8} aComponent={HostWrap} aText={VirtualBox is not currently allowed to access USB devices.  You can change this by adding your user to the 'vboxusers' group.  Please see the user manual for a more detailed explanation}, preserve=true aResultDetail=0
00:15:29.640562 nspr-9   WARNING [COM]: aRC=NS_ERROR_FAILURE (0x80004005) aIID={e54f6256-97a7-4947-8a78-10c013ddf4b8} aComponent={HostWrap} aText={VirtualBox is not currently allowed to access USB devices.  You can change this by adding your user to the 'vboxusers' group.  Please see the user manual for a more detailed explanation}, preserve=true aResultDetail=0
00:15:32.969159 nspr-3   Saving settings file "/home/negrojose/VirtualBox VMs/NixOS 24.05.3690.21cc704b5e91 (x86_64-linux)/NixOS 24.05.3690.21cc704b5e91 (x86_64-linux).vbox" with version "1.19-linux"
00:15:32.980689 nspr-3   Finished saving settings file "/home/negrojose/VirtualBox VMs/NixOS 24.05.3690.21cc704b5e91 (x86_64-linux)/NixOS 24.05.3690.21cc704b5e91 (x86_64-linux).vbox"
00:15:33.005837 nspr-4   ERROR [COM]: aRC=VBOX_E_INVALID_VM_STATE (0x80bb0002) aIID={300763af-5d6b-46e6-aa96-273eac15538a} aComponent={MachineWrap} aText={The machine is not mutable (state is Running)}, preserve=false aResultDetail=0
00:15:33.048486 nspr-9   WARNING [COM]: aRC=NS_ERROR_FAILURE (0x80004005) aIID={e54f6256-97a7-4947-8a78-10c013ddf4b8} aComponent={HostWrap} aText={VirtualBox is not currently allowed to access USB devices.  You can change this by adding your user to the 'vboxusers' group.  Please see the user manual for a more detailed explanation}, preserve=true aResultDetail=0
00:15:33.049761 nspr-9   WARNING [COM]: aRC=NS_ERROR_FAILURE (0x80004005) aIID={e54f6256-97a7-4947-8a78-10c013ddf4b8} aComponent={HostWrap} aText={VirtualBox is not currently allowed to access USB devices.  You can change this by adding your user to the 'vboxusers' group.  Please see the user manual for a more detailed explanation}, preserve=true aResultDetail=0
00:15:39.976080 nspr-7   Saving settings file "/home/negrojose/VirtualBox VMs/NixOS 24.05.3690.21cc704b5e91 (x86_64-linux)/NixOS 24.05.3690.21cc704b5e91 (x86_64-linux).vbox" with version "1.19-linux"
00:15:39.984542 nspr-7   Finished saving settings file "/home/negrojose/VirtualBox VMs/NixOS 24.05.3690.21cc704b5e91 (x86_64-linux)/NixOS 24.05.3690.21cc704b5e91 (x86_64-linux).vbox"
00:15:40.028709 nspr-7   ERROR [COM]: aRC=VBOX_E_INVALID_VM_STATE (0x80bb0002) aIID={300763af-5d6b-46e6-aa96-273eac15538a} aComponent={MachineWrap} aText={The machine is not mutable (state is Running)}, preserve=false aResultDetail=0
00:15:40.071760 nspr-2   WARNING [COM]: aRC=NS_ERROR_FAILURE (0x80004005) aIID={e54f6256-97a7-4947-8a78-10c013ddf4b8} aComponent={HostWrap} aText={VirtualBox is not currently allowed to access USB devices.  You can change this by adding your user to the 'vboxusers' group.  Please see the user manual for a more detailed explanation}, preserve=true aResultDetail=0
00:15:40.073237 nspr-2   WARNING [COM]: aRC=NS_ERROR_FAILURE (0x80004005) aIID={e54f6256-97a7-4947-8a78-10c013ddf4b8} aComponent={HostWrap} aText={VirtualBox is not currently allowed to access USB devices.  You can change this by adding your user to the 'vboxusers' group.  Please see the user manual for a more detailed explanation}, preserve=true aResultDetail=0
00:15:46.101745 nspr-8   Saving settings file "/home/negrojose/VirtualBox VMs/NixOS 24.05.3690.21cc704b5e91 (x86_64-linux)/NixOS 24.05.3690.21cc704b5e91 (x86_64-linux).vbox" with version "1.19-linux"
00:15:46.109779 nspr-8   Finished saving settings file "/home/negrojose/VirtualBox VMs/NixOS 24.05.3690.21cc704b5e91 (x86_64-linux)/NixOS 24.05.3690.21cc704b5e91 (x86_64-linux).vbox"
00:15:46.169481 nspr-2   ERROR [COM]: aRC=VBOX_E_INVALID_VM_STATE (0x80bb0002) aIID={300763af-5d6b-46e6-aa96-273eac15538a} aComponent={MachineWrap} aText={The machine is not mutable (state is Running)}, preserve=false aResultDetail=0
00:15:46.206163 nspr-9   WARNING [COM]: aRC=NS_ERROR_FAILURE (0x80004005) aIID={e54f6256-97a7-4947-8a78-10c013ddf4b8} aComponent={HostWrap} aText={VirtualBox is not currently allowed to access USB devices.  You can change this by adding your user to the 'vboxusers' group.  Please see the user manual for a more detailed explanation}, preserve=true aResultDetail=0
00:15:46.207550 nspr-9   WARNING [COM]: aRC=NS_ERROR_FAILURE (0x80004005) aIID={e54f6256-97a7-4947-8a78-10c013ddf4b8} aComponent={HostWrap} aText={VirtualBox is not currently allowed to access USB devices.  You can change this by adding your user to the 'vboxusers' group.  Please see the user manual for a more detailed explanation}, preserve=true aResultDetail=0
00:15:56.744567 nspr-5   Saving settings file "/home/negrojose/VirtualBox VMs/NixOS 24.05.3690.21cc704b5e91 (x86_64-linux)/NixOS 24.05.3690.21cc704b5e91 (x86_64-linux).vbox" with version "1.19-linux"
00:15:56.753013 nspr-5   Finished saving settings file "/home/negrojose/VirtualBox VMs/NixOS 24.05.3690.21cc704b5e91 (x86_64-linux)/NixOS 24.05.3690.21cc704b5e91 (x86_64-linux).vbox"
00:15:56.777198 nspr-10  Saving settings file "/home/negrojose/VirtualBox VMs/NixOS 24.05.3690.21cc704b5e91 (x86_64-linux)/NixOS 24.05.3690.21cc704b5e91 (x86_64-linux).vbox" with version "1.19-linux"
00:15:56.782367 nspr-10  Finished saving settings file "/home/negrojose/VirtualBox VMs/NixOS 24.05.3690.21cc704b5e91 (x86_64-linux)/NixOS 24.05.3690.21cc704b5e91 (x86_64-linux).vbox"
00:15:56.808451 nspr-2   ERROR [COM]: aRC=VBOX_E_INVALID_VM_STATE (0x80bb0002) aIID={300763af-5d6b-46e6-aa96-273eac15538a} aComponent={MachineWrap} aText={The machine is not mutable (state is Running)}, preserve=false aResultDetail=0
00:15:56.835766 nspr-7   ERROR [COM]: aRC=VBOX_E_INVALID_VM_STATE (0x80bb0002) aIID={300763af-5d6b-46e6-aa96-273eac15538a} aComponent={MachineWrap} aText={The machine is not mutable (state is Running)}, preserve=false aResultDetail=0
00:15:56.906655 nspr-10  WARNING [COM]: aRC=NS_ERROR_FAILURE (0x80004005) aIID={e54f6256-97a7-4947-8a78-10c013ddf4b8} aComponent={HostWrap} aText={VirtualBox is not currently allowed to access USB devices.  You can change this by adding your user to the 'vboxusers' group.  Please see the user manual for a more detailed explanation}, preserve=true aResultDetail=0
00:15:56.908572 nspr-7   WARNING [COM]: aRC=NS_ERROR_FAILURE (0x80004005) aIID={e54f6256-97a7-4947-8a78-10c013ddf4b8} aComponent={HostWrap} aText={VirtualBox is not currently allowed to access USB devices.  You can change this by adding your user to the 'vboxusers' group.  Please see the user manual for a more detailed explanation}, preserve=true aResultDetail=0
00:15:57.103895 nspr-2   Saving settings file "/home/negrojose/VirtualBox VMs/NixOS 24.05.3690.21cc704b5e91 (x86_64-linux)/NixOS 24.05.3690.21cc704b5e91 (x86_64-linux).vbox" with version "1.19-linux"
00:15:57.110581 nspr-2   Finished saving settings file "/home/negrojose/VirtualBox VMs/NixOS 24.05.3690.21cc704b5e91 (x86_64-linux)/NixOS 24.05.3690.21cc704b5e91 (x86_64-linux).vbox"
00:15:57.137337 nspr-4   ERROR [COM]: aRC=VBOX_E_INVALID_VM_STATE (0x80bb0002) aIID={300763af-5d6b-46e6-aa96-273eac15538a} aComponent={MachineWrap} aText={The machine is not mutable (state is Running)}, preserve=false aResultDetail=0
00:15:57.176226 nspr-6   WARNING [COM]: aRC=NS_ERROR_FAILURE (0x80004005) aIID={e54f6256-97a7-4947-8a78-10c013ddf4b8} aComponent={HostWrap} aText={VirtualBox is not currently allowed to access USB devices.  You can change this by adding your user to the 'vboxusers' group.  Please see the user manual for a more detailed explanation}, preserve=true aResultDetail=0
00:15:57.178752 nspr-11  WARNING [COM]: aRC=NS_ERROR_FAILURE (0x80004005) aIID={e54f6256-97a7-4947-8a78-10c013ddf4b8} aComponent={HostWrap} aText={VirtualBox is not currently allowed to access USB devices.  You can change this by adding your user to the 'vboxusers' group.  Please see the user manual for a more detailed explanation}, preserve=true aResultDetail=0
00:15:58.166325 nspr-7   Saving settings file "/home/negrojose/VirtualBox VMs/NixOS 24.05.3690.21cc704b5e91 (x86_64-linux)/NixOS 24.05.3690.21cc704b5e91 (x86_64-linux).vbox" with version "1.19-linux"
00:15:58.174320 nspr-7   Finished saving settings file "/home/negrojose/VirtualBox VMs/NixOS 24.05.3690.21cc704b5e91 (x86_64-linux)/NixOS 24.05.3690.21cc704b5e91 (x86_64-linux).vbox"
00:15:58.195278 nspr-10  Saving settings file "/home/negrojose/VirtualBox VMs/NixOS 24.05.3690.21cc704b5e91 (x86_64-linux)/NixOS 24.05.3690.21cc704b5e91 (x86_64-linux).vbox" with version "1.19-linux"
00:15:58.202683 nspr-10  Finished saving settings file "/home/negrojose/VirtualBox VMs/NixOS 24.05.3690.21cc704b5e91 (x86_64-linux)/NixOS 24.05.3690.21cc704b5e91 (x86_64-linux).vbox"
00:15:58.222474 nspr-3   ERROR [COM]: aRC=VBOX_E_INVALID_VM_STATE (0x80bb0002) aIID={300763af-5d6b-46e6-aa96-273eac15538a} aComponent={MachineWrap} aText={The machine is not mutable (state is Running)}, preserve=false aResultDetail=0
00:15:58.269207 nspr-9   ERROR [COM]: aRC=VBOX_E_INVALID_VM_STATE (0x80bb0002) aIID={300763af-5d6b-46e6-aa96-273eac15538a} aComponent={MachineWrap} aText={The machine is not mutable (state is Running)}, preserve=false aResultDetail=0
00:15:58.349636 nspr-8   WARNING [COM]: aRC=NS_ERROR_FAILURE (0x80004005) aIID={e54f6256-97a7-4947-8a78-10c013ddf4b8} aComponent={HostWrap} aText={VirtualBox is not currently allowed to access USB devices.  You can change this by adding your user to the 'vboxusers' group.  Please see the user manual for a more detailed explanation}, preserve=true aResultDetail=0
00:15:58.350890 nspr-9   WARNING [COM]: aRC=NS_ERROR_FAILURE (0x80004005) aIID={e54f6256-97a7-4947-8a78-10c013ddf4b8} aComponent={HostWrap} aText={VirtualBox is not currently allowed to access USB devices.  You can change this by adding your user to the 'vboxusers' group.  Please see the user manual for a more detailed explanation}, preserve=true aResultDetail=0
00:15:58.569392 nspr-9   Saving settings file "/home/negrojose/VirtualBox VMs/NixOS 24.05.3690.21cc704b5e91 (x86_64-linux)/NixOS 24.05.3690.21cc704b5e91 (x86_64-linux).vbox" with version "1.19-linux"
00:15:58.575536 nspr-9   Finished saving settings file "/home/negrojose/VirtualBox VMs/NixOS 24.05.3690.21cc704b5e91 (x86_64-linux)/NixOS 24.05.3690.21cc704b5e91 (x86_64-linux).vbox"
00:15:58.592862 nspr-9   Saving settings file "/home/negrojose/VirtualBox VMs/NixOS 24.05.3690.21cc704b5e91 (x86_64-linux)/NixOS 24.05.3690.21cc704b5e91 (x86_64-linux).vbox" with version "1.19-linux"
00:15:58.601156 nspr-9   Finished saving settings file "/home/negrojose/VirtualBox VMs/NixOS 24.05.3690.21cc704b5e91 (x86_64-linux)/NixOS 24.05.3690.21cc704b5e91 (x86_64-linux).vbox"
00:15:58.615539 nspr-5   ERROR [COM]: aRC=VBOX_E_INVALID_VM_STATE (0x80bb0002) aIID={300763af-5d6b-46e6-aa96-273eac15538a} aComponent={MachineWrap} aText={The machine is not mutable (state is Running)}, preserve=false aResultDetail=0
00:15:58.637454 nspr-8   ERROR [COM]: aRC=VBOX_E_INVALID_VM_STATE (0x80bb0002) aIID={300763af-5d6b-46e6-aa96-273eac15538a} aComponent={MachineWrap} aText={The machine is not mutable (state is Running)}, preserve=false aResultDetail=0
00:15:58.671168 nspr-5   WARNING [COM]: aRC=NS_ERROR_FAILURE (0x80004005) aIID={e54f6256-97a7-4947-8a78-10c013ddf4b8} aComponent={HostWrap} aText={VirtualBox is not currently allowed to access USB devices.  You can change this by adding your user to the 'vboxusers' group.  Please see the user manual for a more detailed explanation}, preserve=true aResultDetail=0
00:15:58.673151 nspr-2   WARNING [COM]: aRC=NS_ERROR_FAILURE (0x80004005) aIID={e54f6256-97a7-4947-8a78-10c013ddf4b8} aComponent={HostWrap} aText={VirtualBox is not currently allowed to access USB devices.  You can change this by adding your user to the 'vboxusers' group.  Please see the user manual for a more detailed explanation}, preserve=true aResultDetail=0
00:16:00.025955 nspr-6   Saving settings file "/home/negrojose/VirtualBox VMs/NixOS 24.05.3690.21cc704b5e91 (x86_64-linux)/NixOS 24.05.3690.21cc704b5e91 (x86_64-linux).vbox" with version "1.19-linux"
00:16:00.033437 nspr-6   Finished saving settings file "/home/negrojose/VirtualBox VMs/NixOS 24.05.3690.21cc704b5e91 (x86_64-linux)/NixOS 24.05.3690.21cc704b5e91 (x86_64-linux).vbox"
00:16:00.062923 nspr-8   ERROR [COM]: aRC=VBOX_E_INVALID_VM_STATE (0x80bb0002) aIID={300763af-5d6b-46e6-aa96-273eac15538a} aComponent={MachineWrap} aText={The machine is not mutable (state is Running)}, preserve=false aResultDetail=0
00:16:00.138013 nspr-9   WARNING [COM]: aRC=NS_ERROR_FAILURE (0x80004005) aIID={e54f6256-97a7-4947-8a78-10c013ddf4b8} aComponent={HostWrap} aText={VirtualBox is not currently allowed to access USB devices.  You can change this by adding your user to the 'vboxusers' group.  Please see the user manual for a more detailed explanation}, preserve=true aResultDetail=0
00:16:00.140155 nspr-4   WARNING [COM]: aRC=NS_ERROR_FAILURE (0x80004005) aIID={e54f6256-97a7-4947-8a78-10c013ddf4b8} aComponent={HostWrap} aText={VirtualBox is not currently allowed to access USB devices.  You can change this by adding your user to the 'vboxusers' group.  Please see the user manual for a more detailed explanation}, preserve=true aResultDetail=0
00:16:00.286160 nspr-4   Saving settings file "/home/negrojose/VirtualBox VMs/NixOS 24.05.3690.21cc704b5e91 (x86_64-linux)/NixOS 24.05.3690.21cc704b5e91 (x86_64-linux).vbox" with version "1.19-linux"
00:16:00.293148 nspr-4   Finished saving settings file "/home/negrojose/VirtualBox VMs/NixOS 24.05.3690.21cc704b5e91 (x86_64-linux)/NixOS 24.05.3690.21cc704b5e91 (x86_64-linux).vbox"
00:16:00.321045 nspr-3   ERROR [COM]: aRC=VBOX_E_INVALID_VM_STATE (0x80bb0002) aIID={300763af-5d6b-46e6-aa96-273eac15538a} aComponent={MachineWrap} aText={The machine is not mutable (state is Running)}, preserve=false aResultDetail=0
00:16:00.366120 nspr-4   WARNING [COM]: aRC=NS_ERROR_FAILURE (0x80004005) aIID={e54f6256-97a7-4947-8a78-10c013ddf4b8} aComponent={HostWrap} aText={VirtualBox is not currently allowed to access USB devices.  You can change this by adding your user to the 'vboxusers' group.  Please see the user manual for a more detailed explanation}, preserve=true aResultDetail=0
00:16:00.367590 nspr-3   WARNING [COM]: aRC=NS_ERROR_FAILURE (0x80004005) aIID={e54f6256-97a7-4947-8a78-10c013ddf4b8} aComponent={HostWrap} aText={VirtualBox is not currently allowed to access USB devices.  You can change this by adding your user to the 'vboxusers' group.  Please see the user manual for a more detailed explanation}, preserve=true aResultDetail=0
00:16:00.401168 nspr-7   Saving settings file "/home/negrojose/VirtualBox VMs/NixOS 24.05.3690.21cc704b5e91 (x86_64-linux)/NixOS 24.05.3690.21cc704b5e91 (x86_64-linux).vbox" with version "1.19-linux"
00:16:00.410995 nspr-7   Finished saving settings file "/home/negrojose/VirtualBox VMs/NixOS 24.05.3690.21cc704b5e91 (x86_64-linux)/NixOS 24.05.3690.21cc704b5e91 (x86_64-linux).vbox"
00:16:00.436406 nspr-8   ERROR [COM]: aRC=VBOX_E_INVALID_VM_STATE (0x80bb0002) aIID={300763af-5d6b-46e6-aa96-273eac15538a} aComponent={MachineWrap} aText={The machine is not mutable (state is Running)}, preserve=false aResultDetail=0
00:16:00.479014 nspr-7   WARNING [COM]: aRC=NS_ERROR_FAILURE (0x80004005) aIID={e54f6256-97a7-4947-8a78-10c013ddf4b8} aComponent={HostWrap} aText={VirtualBox is not currently allowed to access USB devices.  You can change this by adding your user to the 'vboxusers' group.  Please see the user manual for a more detailed explanation}, preserve=true aResultDetail=0
00:16:00.481811 nspr-4   WARNING [COM]: aRC=NS_ERROR_FAILURE (0x80004005) aIID={e54f6256-97a7-4947-8a78-10c013ddf4b8} aComponent={HostWrap} aText={VirtualBox is not currently allowed to access USB devices.  You can change this by adding your user to the 'vboxusers' group.  Please see the user manual for a more detailed explanation}, preserve=true aResultDetail=0
00:16:06.371661 nspr-9   ERROR [COM]: aRC=VBOX_E_IPRT_ERROR (0x80bb0005) aIID={300763af-5d6b-46e6-aa96-273eac15538a} aComponent={SessionMachine} aText={Saved screenshot data is not available (VERR_NOT_SUPPORTED)}, preserve=false aResultDetail=-37
00:16:06.421866 nspr-3   Saving settings file "/home/negrojose/VirtualBox VMs/NixOS 24.05.3690.21cc704b5e91 (x86_64-linux)/NixOS 24.05.3690.21cc704b5e91 (x86_64-linux).vbox" with version "1.19-linux"
00:16:06.431989 nspr-3   Finished saving settings file "/home/negrojose/VirtualBox VMs/NixOS 24.05.3690.21cc704b5e91 (x86_64-linux)/NixOS 24.05.3690.21cc704b5e91 (x86_64-linux).vbox"
00:16:06.618445 nspr-5   ERROR [COM]: aRC=VBOX_E_INVALID_VM_STATE (0x80bb0002) aIID={300763af-5d6b-46e6-aa96-273eac15538a} aComponent={MachineWrap} aText={The machine is not mutable (state is Running)}, preserve=false aResultDetail=0
00:16:06.707149 nspr-10  WARNING [COM]: aRC=NS_ERROR_FAILURE (0x80004005) aIID={e54f6256-97a7-4947-8a78-10c013ddf4b8} aComponent={HostWrap} aText={VirtualBox is not currently allowed to access USB devices.  You can change this by adding your user to the 'vboxusers' group.  Please see the user manual for a more detailed explanation}, preserve=true aResultDetail=0
00:16:06.712585 nspr-9   WARNING [COM]: aRC=NS_ERROR_FAILURE (0x80004005) aIID={e54f6256-97a7-4947-8a78-10c013ddf4b8} aComponent={HostWrap} aText={VirtualBox is not currently allowed to access USB devices.  You can change this by adding your user to the 'vboxusers' group.  Please see the user manual for a more detailed explanation}, preserve=true aResultDetail=0
00:16:17.486530 nspr-6   Saving settings file "/home/negrojose/.config/VirtualBox/VirtualBox.xml" with version "1.12-linux"
00:16:17.490479 nspr-6   Finished saving settings file "/home/negrojose/.config/VirtualBox/VirtualBox.xml"
00:16:19.051023 nspr-10  Saving settings file "/home/negrojose/.config/VirtualBox/VirtualBox.xml" with version "1.12-linux"
00:16:19.058156 nspr-10  Finished saving settings file "/home/negrojose/.config/VirtualBox/VirtualBox.xml"
00:16:20.672220 nspr-7   Saving settings file "/home/negrojose/.config/VirtualBox/VirtualBox.xml" with version "1.12-linux"
00:16:20.677991 nspr-7   Finished saving settings file "/home/negrojose/.config/VirtualBox/VirtualBox.xml"
00:34:06.394639 nspr-6   Saving settings file "/home/negrojose/VirtualBox VMs/NixOS 24.05.3690.21cc704b5e91 (x86_64-linux)/NixOS 24.05.3690.21cc704b5e91 (x86_64-linux).vbox" with version "1.19-linux"
00:34:06.398405 nspr-7   WARNING [COM]: aRC=NS_ERROR_FAILURE (0x80004005) aIID={e54f6256-97a7-4947-8a78-10c013ddf4b8} aComponent={HostWrap} aText={VirtualBox is not currently allowed to access USB devices.  You can change this by adding your user to the 'vboxusers' group.  Please see the user manual for a more detailed explanation}, preserve=true aResultDetail=0
00:34:06.406344 nspr-6   Finished saving settings file "/home/negrojose/VirtualBox VMs/NixOS 24.05.3690.21cc704b5e91 (x86_64-linux)/NixOS 24.05.3690.21cc704b5e91 (x86_64-linux).vbox"
00:34:06.452158 nspr-7   WARNING [COM]: aRC=NS_ERROR_FAILURE (0x80004005) aIID={e54f6256-97a7-4947-8a78-10c013ddf4b8} aComponent={HostWrap} aText={VirtualBox is not currently allowed to access USB devices.  You can change this by adding your user to the 'vboxusers' group.  Please see the user manual for a more detailed explanation}, preserve=true aResultDetail=0
00:34:06.474737 nspr-3   ERROR [COM]: aRC=VBOX_E_INVALID_VM_STATE (0x80bb0002) aIID={300763af-5d6b-46e6-aa96-273eac15538a} aComponent={MachineWrap} aText={The machine is not mutable (state is PoweredOff)}, preserve=false aResultDetail=0
00:34:06.490307 nspr-3   WARNING [COM]: aRC=NS_ERROR_FAILURE (0x80004005) aIID={e54f6256-97a7-4947-8a78-10c013ddf4b8} aComponent={HostWrap} aText={VirtualBox is not currently allowed to access USB devices.  You can change this by adding your user to the 'vboxusers' group.  Please see the user manual for a more detailed explanation}, preserve=true aResultDetail=0
00:34:06.492125 nspr-6   WARNING [COM]: aRC=NS_ERROR_FAILURE (0x80004005) aIID={e54f6256-97a7-4947-8a78-10c013ddf4b8} aComponent={HostWrap} aText={VirtualBox is not currently allowed to access USB devices.  You can change this by adding your user to the 'vboxusers' group.  Please see the user manual for a more detailed explanation}, preserve=true aResultDetail=0
00:34:08.019728 nspr-8   ERROR [COM]: aRC=VBOX_E_INVALID_VM_STATE (0x80bb0002) aIID={300763af-5d6b-46e6-aa96-273eac15538a} aComponent={MachineWrap} aText={The machine is not mutable (state is PoweredOff)}, preserve=false aResultDetail=0
00:34:08.051119 nspr-3   WARNING [COM]: aRC=NS_ERROR_FAILURE (0x80004005) aIID={e54f6256-97a7-4947-8a78-10c013ddf4b8} aComponent={HostWrap} aText={VirtualBox is not currently allowed to access USB devices.  You can change this by adding your user to the 'vboxusers' group.  Please see the user manual for a more detailed explanation}, preserve=true aResultDetail=0
00:34:08.053235 nspr-8   WARNING [COM]: aRC=NS_ERROR_FAILURE (0x80004005) aIID={e54f6256-97a7-4947-8a78-10c013ddf4b8} aComponent={HostWrap} aText={VirtualBox is not currently allowed to access USB devices.  You can change this by adding your user to the 'vboxusers' group.  Please see the user manual for a more detailed explanation}, preserve=true aResultDetail=0
00:34:08.277249 nspr-5   Saving settings file "/home/negrojose/.config/VirtualBox/VirtualBox.xml" with version "1.12-linux"
00:34:08.286754 nspr-5   Finished saving settings file "/home/negrojose/.config/VirtualBox/VirtualBox.xml"
00:34:17.841715 main     VirtualBox: object deletion starts
00:34:17.841806 main     ERROR [COM]: aRC=VBOX_E_OBJECT_IN_USE (0x80bb000c) aIID={ad47ad09-787b-44ab-b343-a082a3f2dfb1} aComponent={MediumWrap} aText={Medium '/home/negrojose/VirtualBox VMs/NixOS 24.05.3690.21cc704b5e91 (x86_64-linux)/nixos-24.05.3690.21cc704b5e91-x86_64-linux-disk001.vdi' cannot be closed because it is still attached to 1 virtual machines}, preserve=false aResultDetail=0
00:34:17.843273 main     HostDnsMonitor: shutting down ...
00:34:17.843669 main     HostDnsMonitor: shut down
00:34:17.856069 Watcher  ERROR [COM]: aRC=E_ACCESSDENIED (0x80070005) aIID={7682d5eb-f00e-44f1-8ca2-99d08b1cd607} aComponent={VirtualBoxWrap} aText={The object is not ready}, preserve=false aResultDetail=0
00:34:17.856278 main     VirtualBox: object deleted
